[2026-02-01T07:43:06.787953+00:00] Checked 0 monitors
[2026-02-01T07:48:09.462060+00:00] Checked 3 monitors
  Google: UP (279ms)
  Supabase: UP (111ms)
  Streamlit: UP (182ms)
[2026-02-01T07:53:12.248774+00:00] Checked 3 monitors
  Google: UP (302ms)
  Supabase: UP (151ms)
  Streamlit: UP (473ms)
[2026-02-01T07:58:14.302219+00:00] Checked 3 monitors
  Google: UP (298ms)
  Supabase: UP (103ms)
  Streamlit: UP (191ms)
[2026-02-01T08:03:17.791531+00:00] Checked 3 monitors
  Google: UP (308ms)
  Supabase: UP (139ms)
  Streamlit: UP (321ms)
[2026-02-01T08:08:20.073867+00:00] Checked 3 monitors
  Google: UP (328ms)
  Supabase: UP (144ms)
  Streamlit: UP (185ms)
[2026-02-01T08:13:22.279534+00:00] Checked 3 monitors
  Google: UP (301ms)
  Supabase: UP (139ms)
  Streamlit: UP (237ms)
[2026-02-01T08:18:24.847355+00:00] Checked 3 monitors
  Google: UP (311ms)
  Supabase: UP (122ms)
  Streamlit: UP (176ms)
[2026-02-01T08:23:27.127619+00:00] Checked 3 monitors
  Google: UP (336ms)
  Supabase: UP (131ms)
  Streamlit: UP (293ms)
[2026-02-01T08:28:29.336358+00:00] Checked 3 monitors
  Google: UP (310ms)
  Supabase: UP (126ms)
  Streamlit: UP (185ms)
[2026-02-01T08:33:31.766602+00:00] Checked 3 monitors
  Google: UP (302ms)
  Supabase: UP (99ms)
  Streamlit: UP (236ms)
[2026-02-01T08:38:33.795231+00:00] Checked 3 monitors
  Google: UP (296ms)
  Supabase: UP (135ms)
  Streamlit: UP (187ms)
[2026-02-01T08:43:36.649472+00:00] Checked 3 monitors
  Google: UP (302ms)
  Supabase: UP (142ms)
  Streamlit: UP (322ms)
[2026-02-01T08:48:38.692219+00:00] Checked 3 monitors
  Google: UP (307ms)
  Supabase: UP (106ms)
  Streamlit: UP (195ms)
[2026-02-01T08:53:41.142361+00:00] Checked 3 monitors
  Google: UP (317ms)
  Supabase: UP (186ms)
  Streamlit: UP (253ms)
[2026-02-01T08:58:43.295917+00:00] Checked 3 monitors
  Google: UP (313ms)
  Supabase: UP (115ms)
  Streamlit: UP (185ms)
[2026-02-01T09:03:46.304202+00:00] Checked 3 monitors
  Google: UP (303ms)
  Supabase: UP (139ms)
  Streamlit: UP (231ms)
[2026-02-01T09:08:48.891368+00:00] Checked 3 monitors
  Google: UP (306ms)
  Supabase: UP (142ms)
  Streamlit: UP (179ms)
[2026-02-01T09:13:51.257585+00:00] Checked 3 monitors
  Google: UP (308ms)
  Supabase: UP (104ms)
  Streamlit: UP (227ms)
[2026-02-01T09:18:53.277108+00:00] Checked 3 monitors
  Google: UP (312ms)
  Supabase: UP (133ms)
  Streamlit: UP (189ms)
[2026-02-01T09:23:55.729347+00:00] Checked 3 monitors
  Google: UP (297ms)
  Supabase: UP (129ms)
  Streamlit: UP (229ms)
[2026-02-01T09:28:57.853430+00:00] Checked 3 monitors
  Google: UP (311ms)
  Supabase: UP (113ms)
  Streamlit: UP (195ms)
[2026-02-01T09:34:00.055686+00:00] Checked 3 monitors
  Google: UP (302ms)
  Supabase: UP (122ms)
  Streamlit: UP (308ms)
[2026-02-01T09:39:02.331006+00:00] Checked 3 monitors
  Google: UP (298ms)
  Supabase: UP (122ms)
  Streamlit: UP (183ms)
[2026-02-01T09:44:04.902276+00:00] Checked 3 monitors
  Google: UP (304ms)
  Supabase: UP (123ms)
  Streamlit: UP (228ms)
[2026-02-01T09:49:07.095885+00:00] Checked 3 monitors
  Google: UP (367ms)
  Supabase: UP (125ms)
  Streamlit: UP (197ms)
[2026-02-01T09:54:09.526377+00:00] Checked 3 monitors
  Google: UP (294ms)
  Supabase: UP (135ms)
  Streamlit: UP (206ms)
[2026-02-01T09:59:11.692774+00:00] Checked 3 monitors
  Google: UP (311ms)
  Supabase: UP (100ms)
  Streamlit: UP (196ms)
[2026-02-01T10:04:14.474911+00:00] Checked 3 monitors
  Google: UP (332ms)
  Supabase: UP (161ms)
  Streamlit: UP (301ms)
[2026-02-01T10:09:17.032690+00:00] Checked 3 monitors
  Google: UP (294ms)
  Supabase: UP (149ms)
  Streamlit: UP (182ms)
[2026-02-01T10:14:19.216045+00:00] Checked 3 monitors
  Google: UP (303ms)
  Supabase: UP (144ms)
  Streamlit: UP (236ms)
[2026-02-01T10:19:21.639713+00:00] Checked 3 monitors
  Google: UP (296ms)
  Supabase: UP (129ms)
  Streamlit: UP (182ms)
[2026-02-01T10:24:24.680605+00:00] Checked 3 monitors
  Google: UP (310ms)
  Supabase: UP (131ms)
  Streamlit: UP (232ms)
[2026-02-01T10:29:26.747618+00:00] Checked 3 monitors
  Google: UP (305ms)
  Supabase: UP (126ms)
  Streamlit: UP (186ms)
[2026-02-01T10:34:29.309530+00:00] Checked 3 monitors
  Google: UP (303ms)
  Supabase: UP (130ms)
  Streamlit: UP (221ms)
[2026-02-01T10:39:31.439144+00:00] Checked 3 monitors
  Google: UP (311ms)
  Supabase: UP (177ms)
  Streamlit: UP (180ms)
[2026-02-01T10:44:34.373383+00:00] Checked 3 monitors
  Google: UP (345ms)
  Supabase: UP (142ms)
  Streamlit: UP (323ms)
[2026-02-01T10:49:36.308846+00:00] Checked 3 monitors
  Google: UP (280ms)
  Supabase: UP (148ms)
  Streamlit: UP (186ms)
[2026-02-01T10:54:38.564702+00:00] Checked 3 monitors
  Google: UP (302ms)
  Supabase: UP (122ms)
  Streamlit: UP (236ms)
[2026-02-01T10:59:40.664857+00:00] Checked 3 monitors
  Google: UP (303ms)
  Supabase: UP (111ms)
  Streamlit: UP (193ms)
[2026-02-01T11:04:43.161701+00:00] Checked 3 monitors
  Google: UP (315ms)
  Supabase: UP (135ms)
  Streamlit: UP (240ms)
[2026-02-01T11:09:45.143077+00:00] Checked 3 monitors
  Google: UP (304ms)
  Supabase: UP (166ms)
  Streamlit: UP (195ms)
[2026-02-01T11:14:47.606665+00:00] Checked 3 monitors
  Google: UP (306ms)
  Supabase: UP (124ms)
  Streamlit: UP (250ms)
[2026-02-01T11:19:49.766625+00:00] Checked 3 monitors
  Google: UP (310ms)
  Supabase: UP (129ms)
  Streamlit: UP (182ms)
[2026-02-01T11:24:53.251556+00:00] Checked 3 monitors
  Google: UP (301ms)
  Supabase: UP (127ms)
  Streamlit: UP (246ms)
[2026-02-01T11:29:56.093003+00:00] Checked 3 monitors
  Google: UP (498ms)
  Supabase: UP (143ms)
  Streamlit: UP (186ms)
[2026-02-01T11:34:58.479693+00:00] Checked 3 monitors
  Google: UP (305ms)
  Supabase: UP (148ms)
  Streamlit: UP (229ms)
[2026-02-01T11:40:00.555838+00:00] Checked 3 monitors
  Google: UP (304ms)
  Supabase: UP (135ms)
  Streamlit: UP (189ms)
[2026-02-01T11:45:03.240601+00:00] Checked 3 monitors
  Google: UP (304ms)
  Supabase: UP (131ms)
  Streamlit: UP (545ms)
[2026-02-01T11:50:05.332756+00:00] Checked 3 monitors
  Google: UP (307ms)
  Supabase: UP (125ms)
  Streamlit: UP (185ms)
[2026-02-01T11:55:09.263525+00:00] Checked 3 monitors
  Google: UP (274ms)
  Supabase: UP (165ms)
  Streamlit: UP (223ms)
[2026-02-01T12:00:11.586822+00:00] Checked 3 monitors
  Google: UP (294ms)
  Supabase: UP (117ms)
  Streamlit: UP (185ms)
[2026-02-01T12:05:14.036764+00:00] Checked 3 monitors
  Google: UP (290ms)
  Supabase: UP (150ms)
  Streamlit: UP (336ms)
[2026-02-01T12:10:16.091612+00:00] Checked 3 monitors
  Google: UP (288ms)
  Supabase: UP (134ms)
  Streamlit: UP (190ms)
[2026-02-01T12:15:18.373211+00:00] Checked 3 monitors
  Google: UP (326ms)
  Supabase: UP (135ms)
  Streamlit: UP (212ms)
[2026-02-01T12:20:20.356174+00:00] Checked 3 monitors
  Google: UP (302ms)
  Supabase: UP (108ms)
  Streamlit: UP (178ms)
[2026-02-01T12:25:22.804095+00:00] Checked 3 monitors
  Google: UP (297ms)
  Supabase: UP (135ms)
  Streamlit: UP (233ms)
[2026-02-01T12:30:24.845032+00:00] Checked 3 monitors
  Google: UP (297ms)
  Supabase: UP (114ms)
  Streamlit: UP (187ms)
[2026-02-01T12:35:27.290822+00:00] Checked 3 monitors
  Google: UP (313ms)
  Supabase: UP (134ms)
  Streamlit: UP (216ms)
[2026-02-01T12:40:29.381826+00:00] Checked 3 monitors
  Google: UP (308ms)
  Supabase: UP (104ms)
  Streamlit: UP (186ms)
[2026-02-01T12:45:32.115507+00:00] Checked 3 monitors
  Google: UP (306ms)
  Supabase: UP (134ms)
  Streamlit: UP (241ms)
[2026-02-01T12:50:34.100651+00:00] Checked 3 monitors
  Google: UP (310ms)
  Supabase: UP (153ms)
  Streamlit: UP (190ms)
[2026-02-01T12:55:36.391251+00:00] Checked 3 monitors
  Google: UP (296ms)
  Supabase: UP (127ms)
  Streamlit: UP (236ms)
[2026-02-01T13:00:38.560256+00:00] Checked 3 monitors
  Google: UP (296ms)
  Supabase: UP (114ms)
  Streamlit: UP (196ms)
[2026-02-01T13:05:41.201416+00:00] Checked 3 monitors
  Google: UP (308ms)
  Supabase: UP (149ms)
  Streamlit: UP (211ms)
[2026-02-01T13:10:43.723315+00:00] Checked 3 monitors
  Google: UP (280ms)
  Supabase: UP (105ms)
  Streamlit: UP (191ms)
[2026-02-01T13:15:46.560683+00:00] Checked 3 monitors
  Google: UP (332ms)
  Supabase: UP (140ms)
  Streamlit: UP (237ms)
[2026-02-01T13:20:48.653527+00:00] Checked 3 monitors
  Google: UP (305ms)
  Supabase: UP (118ms)
  Streamlit: UP (173ms)
[2026-02-01T13:25:51.876612+00:00] Checked 3 monitors
  Google: UP (307ms)
  Supabase: UP (146ms)
  Streamlit: UP (235ms)
[2026-02-01T13:30:53.961220+00:00] Checked 3 monitors
  Google: UP (318ms)
  Supabase: UP (117ms)
  Streamlit: UP (189ms)
[2026-02-01T13:35:56.263196+00:00] Checked 3 monitors
  Google: UP (298ms)
  Supabase: UP (125ms)
  Streamlit: UP (214ms)
[2026-02-01T13:40:58.548655+00:00] Checked 3 monitors
  Google: UP (310ms)
  Supabase: UP (132ms)
  Streamlit: UP (196ms)
[2026-02-01T13:46:00.575969+00:00] Checked 3 monitors
  Google: UP (304ms)
  Supabase: UP (100ms)
  Streamlit: UP (257ms)
[2026-02-01T13:51:02.515308+00:00] Checked 3 monitors
  Google: UP (305ms)
  Supabase: UP (144ms)
  Streamlit: UP (188ms)
[2026-02-01T13:56:05.892147+00:00] Checked 3 monitors
  Google: UP (312ms)
  Supabase: UP (132ms)
  Streamlit: UP (372ms)
[2026-02-01T14:01:08.038005+00:00] Checked 3 monitors
  Google: UP (379ms)
  Supabase: UP (124ms)
  Streamlit: UP (176ms)
[2026-02-01T14:06:10.550049+00:00] Checked 3 monitors
  Google: UP (371ms)
  Supabase: UP (173ms)
  Streamlit: UP (278ms)
[2026-02-01T14:11:12.564429+00:00] Checked 3 monitors
  Google: UP (285ms)
  Supabase: UP (106ms)
  Streamlit: UP (190ms)
[2026-02-01T14:16:15.461312+00:00] Checked 3 monitors
  Google: UP (287ms)
  Supabase: UP (137ms)
  Streamlit: UP (254ms)
[2026-02-01T14:21:17.735562+00:00] Checked 3 monitors
  Google: UP (287ms)
  Supabase: UP (219ms)
  Streamlit: UP (198ms)
[2026-02-01T14:26:20.417477+00:00] Checked 3 monitors
  Google: UP (295ms)
  Supabase: UP (223ms)
  Streamlit: UP (363ms)
[2026-02-01T14:31:22.525976+00:00] Checked 3 monitors
  Google: UP (301ms)
  Supabase: UP (112ms)
  Streamlit: UP (191ms)
[2026-02-01T14:36:24.835193+00:00] Checked 3 monitors
  Google: UP (295ms)
  Supabase: UP (131ms)
  Streamlit: UP (252ms)
[2026-02-01T14:41:26.810480+00:00] Checked 3 monitors
  Google: UP (307ms)
  Supabase: UP (107ms)
  Streamlit: UP (180ms)
[2026-02-01T14:46:31.077890+00:00] Checked 3 monitors
  Google: UP (297ms)
  Supabase: UP (127ms)
  Streamlit: UP (303ms)
[2026-02-01T14:51:33.206897+00:00] Checked 3 monitors
  Google: UP (300ms)
  Supabase: UP (108ms)
  Streamlit: UP (180ms)
[2026-02-01T14:56:35.687836+00:00] Checked 3 monitors
  Google: UP (297ms)
  Supabase: UP (136ms)
  Streamlit: UP (235ms)
[2026-02-01T15:01:38.203898+00:00] Checked 3 monitors
  Google: UP (308ms)
  Supabase: UP (106ms)
  Streamlit: UP (178ms)
[2026-02-01T15:06:40.417537+00:00] Checked 3 monitors
  Google: UP (312ms)
  Supabase: UP (143ms)
  Streamlit: UP (313ms)
[2026-02-01T15:11:42.867637+00:00] Checked 3 monitors
  Google: UP (295ms)
  Supabase: UP (128ms)
  Streamlit: UP (198ms)
[2026-02-01T15:16:45.096260+00:00] Checked 3 monitors
  Google: UP (271ms)
  Supabase: UP (123ms)
  Streamlit: UP (225ms)
[2026-02-01T15:21:48.688648+00:00] Checked 3 monitors
  Google: UP (306ms)
  Supabase: UP (121ms)
  Streamlit: UP (215ms)
[2026-02-01T15:26:50.875070+00:00] Checked 3 monitors
  Google: UP (316ms)
  Supabase: UP (138ms)
  Streamlit: UP (260ms)
[2026-02-01T15:31:52.997206+00:00] Checked 3 monitors
  Google: UP (291ms)
  Supabase: UP (141ms)
  Streamlit: UP (179ms)
[2026-02-01T15:36:55.438524+00:00] Checked 3 monitors
  Google: UP (309ms)
  Supabase: UP (132ms)
  Streamlit: UP (211ms)
[2026-02-01T15:41:57.973938+00:00] Checked 3 monitors
  Google: UP (312ms)
  Supabase: UP (124ms)
  Streamlit: UP (188ms)
[2026-02-01T15:47:00.275266+00:00] Checked 3 monitors
  Google: UP (314ms)
  Supabase: UP (168ms)
  Streamlit: UP (312ms)
[2026-02-01T15:52:02.503688+00:00] Checked 3 monitors
  Google: UP (305ms)
  Supabase: UP (102ms)
  Streamlit: UP (186ms)
[2026-02-01T15:57:05.082158+00:00] Checked 3 monitors
  Google: UP (307ms)
  Supabase: UP (219ms)
  Streamlit: UP (218ms)
[2026-02-01T16:02:07.411054+00:00] Checked 3 monitors
  Google: UP (305ms)
  Supabase: UP (113ms)
  Streamlit: UP (176ms)
[2026-02-01T16:07:10.308471+00:00] Checked 3 monitors
  Google: UP (317ms)
  Supabase: UP (325ms)
  Streamlit: UP (332ms)
[2026-02-01T16:12:12.663643+00:00] Checked 3 monitors
  Google: UP (302ms)
  Supabase: UP (120ms)
  Streamlit: UP (196ms)
[2026-02-01T16:17:14.800935+00:00] Checked 3 monitors
  Google: UP (312ms)
  Supabase: UP (131ms)
  Streamlit: UP (243ms)
[2026-02-01T16:22:17.267625+00:00] Checked 3 monitors
  Google: UP (288ms)
  Supabase: UP (123ms)
  Streamlit: UP (190ms)
[2026-02-01T16:27:19.711203+00:00] Checked 3 monitors
  Google: UP (308ms)
  Supabase: UP (120ms)
  Streamlit: UP (312ms)
[2026-02-01T16:32:23.079369+00:00] Checked 3 monitors
  Google: UP (282ms)
  Supabase: UP (118ms)
  Streamlit: UP (190ms)
[2026-02-01T16:37:25.349141+00:00] Checked 3 monitors
  Google: UP (288ms)
  Supabase: UP (134ms)
  Streamlit: UP (322ms)
[2026-02-01T16:42:27.500058+00:00] Checked 3 monitors
  Google: UP (318ms)
  Supabase: UP (119ms)
  Streamlit: UP (192ms)
[2026-02-01T16:47:30.629233+00:00] Checked 3 monitors
  Google: UP (318ms)
  Supabase: UP (149ms)
  Streamlit: UP (238ms)
[2026-02-01T16:52:32.845351+00:00] Checked 3 monitors
  Google: UP (313ms)
  Supabase: UP (111ms)
  Streamlit: UP (176ms)
[2026-02-01T16:57:35.683421+00:00] Checked 3 monitors
  Google: UP (304ms)
  Supabase: UP (140ms)
  Streamlit: UP (222ms)
[2026-02-01T17:02:38.102827+00:00] Checked 3 monitors
  Google: UP (303ms)
  Supabase: UP (125ms)
  Streamlit: UP (196ms)
[2026-02-01T17:07:40.417561+00:00] Checked 3 monitors
  Google: UP (312ms)
  Supabase: UP (138ms)
  Streamlit: UP (326ms)
[2026-02-01T17:12:42.570519+00:00] Checked 3 monitors
  Google: UP (444ms)
  Supabase: UP (112ms)
  Streamlit: UP (177ms)
[2026-02-01T17:17:45.079869+00:00] Checked 3 monitors
  Google: UP (312ms)
  Supabase: UP (158ms)
  Streamlit: UP (222ms)
[2026-02-01T17:22:47.321611+00:00] Checked 3 monitors
  Google: UP (302ms)
  Supabase: UP (122ms)
  Streamlit: UP (164ms)
[2026-02-01T17:27:49.640664+00:00] Checked 3 monitors
  Google: UP (282ms)
  Supabase: UP (145ms)
  Streamlit: UP (282ms)
[2026-02-01T17:32:52.550973+00:00] Checked 3 monitors
  Google: UP (304ms)
  Supabase: UP (115ms)
  Streamlit: UP (167ms)
[2026-02-01T17:37:54.631163+00:00] Checked 3 monitors
  Google: UP (291ms)
  Supabase: UP (114ms)
  Streamlit: UP (169ms)
[2026-02-01T17:42:56.710414+00:00] Checked 3 monitors
  Google: UP (301ms)
  Supabase: UP (200ms)
  Streamlit: UP (218ms)
[2026-02-01T17:47:59.014713+00:00] Checked 3 monitors
  Google: UP (323ms)
  Supabase: UP (138ms)
  Streamlit: UP (198ms)
[2026-02-01T17:53:01.156778+00:00] Checked 3 monitors
  Google: UP (312ms)
  Supabase: UP (139ms)
  Streamlit: UP (185ms)
[2026-02-01T17:58:03.723411+00:00] Checked 3 monitors
  Google: UP (313ms)
  Supabase: UP (148ms)
  Streamlit: UP (173ms)
[2026-02-01T18:03:06.030342+00:00] Checked 3 monitors
  Google: UP (436ms)
  Supabase: UP (130ms)
  Streamlit: UP (195ms)
[2026-02-01T18:08:08.407221+00:00] Checked 3 monitors
  Google: UP (316ms)
  Supabase: UP (122ms)
  Streamlit: UP (224ms)
[2026-02-01T18:13:11.116248+00:00] Checked 3 monitors
  Google: UP (311ms)
  Supabase: UP (121ms)
  Streamlit: UP (261ms)
[2026-02-01T18:18:13.184955+00:00] Checked 3 monitors
  Google: UP (309ms)
  Supabase: UP (137ms)
  Streamlit: UP (164ms)
[2026-02-01T18:23:15.618332+00:00] Checked 3 monitors
  Google: UP (308ms)
  Supabase: UP (139ms)
  Streamlit: UP (218ms)
[2026-02-01T18:28:17.819889+00:00] Checked 3 monitors
  Google: UP (345ms)
  Supabase: UP (136ms)
  Streamlit: UP (187ms)
[2026-02-01T18:33:19.957973+00:00] Checked 3 monitors
  Google: UP (315ms)
  Supabase: UP (112ms)
  Streamlit: UP (261ms)
[2026-02-01T18:38:22.187789+00:00] Checked 3 monitors
  Google: UP (315ms)
  Supabase: UP (140ms)
  Streamlit: UP (219ms)
[2026-02-01T18:43:24.716294+00:00] Checked 3 monitors
  Google: UP (290ms)
  Supabase: UP (173ms)
  Streamlit: UP (350ms)
[2026-02-01T18:48:26.783808+00:00] Checked 3 monitors
  Google: UP (305ms)
  Supabase: UP (141ms)
  Streamlit: UP (171ms)
[2026-02-01T18:53:29.716350+00:00] Checked 3 monitors
  Google: UP (331ms)
  Supabase: UP (102ms)
  Streamlit: UP (292ms)
[2026-02-01T18:58:31.961503+00:00] Checked 3 monitors
  Google: UP (367ms)
  Supabase: UP (135ms)
  Streamlit: UP (195ms)
[2026-02-01T19:03:34.308104+00:00] Checked 3 monitors
  Google: UP (338ms)
  Supabase: UP (117ms)
  Streamlit: UP (213ms)
[2026-02-01T19:08:36.409212+00:00] Checked 3 monitors
  Google: UP (321ms)
  Supabase: UP (136ms)
  Streamlit: UP (169ms)
[2026-02-01T19:13:39.113740+00:00] Checked 3 monitors
  Google: UP (342ms)
  Supabase: UP (141ms)
  Streamlit: UP (215ms)
[2026-02-01T19:18:41.489064+00:00] Checked 3 monitors
  Google: UP (324ms)
  Supabase: UP (139ms)
  Streamlit: UP (251ms)
[2026-02-01T19:23:43.778932+00:00] Checked 3 monitors
  Google: UP (315ms)
  Supabase: UP (134ms)
  Streamlit: UP (346ms)
[2026-02-01T19:28:46.095413+00:00] Checked 3 monitors
  Google: UP (320ms)
  Supabase: UP (104ms)
  Streamlit: UP (166ms)
[2026-02-01T19:33:48.488403+00:00] Checked 3 monitors
  Google: UP (322ms)
  Supabase: UP (136ms)
  Streamlit: UP (293ms)
[2026-02-01T19:38:51.161713+00:00] Checked 3 monitors
  Google: UP (306ms)
  Supabase: UP (111ms)
  Streamlit: UP (322ms)
[2026-02-01T19:43:53.677351+00:00] Checked 3 monitors
  Google: UP (313ms)
  Supabase: UP (130ms)
  Streamlit: UP (198ms)
[2026-02-01T19:48:55.598621+00:00] Checked 3 monitors
  Google: UP (287ms)
  Supabase: UP (112ms)
  Streamlit: UP (173ms)
[2026-02-01T19:53:58.045346+00:00] Checked 3 monitors
  Google: UP (310ms)
  Supabase: UP (132ms)
  Streamlit: UP (218ms)
[2026-02-01T19:59:00.233494+00:00] Checked 3 monitors
  Google: UP (321ms)
  Supabase: UP (154ms)
  Streamlit: UP (191ms)
[2026-02-01T20:04:02.692049+00:00] Checked 3 monitors
  Google: UP (312ms)
  Supabase: UP (114ms)
  Streamlit: UP (205ms)
[2026-02-01T20:09:04.948021+00:00] Checked 3 monitors
  Google: UP (327ms)
  Supabase: UP (124ms)
  Streamlit: UP (168ms)
[2026-02-01T20:14:07.409079+00:00] Checked 3 monitors
  Google: UP (346ms)
  Supabase: UP (113ms)
  Streamlit: UP (205ms)
[2026-02-01T20:19:09.627408+00:00] Checked 3 monitors
  Google: UP (327ms)
  Supabase: UP (133ms)
  Streamlit: UP (207ms)
[2026-02-01T20:24:12.386760+00:00] Checked 3 monitors
  Google: UP (385ms)
  Supabase: UP (113ms)
  Streamlit: UP (190ms)
[2026-02-01T20:29:14.611699+00:00] Checked 3 monitors
  Google: UP (316ms)
  Supabase: UP (141ms)
  Streamlit: UP (166ms)
[2026-02-01T20:34:17.018750+00:00] Checked 3 monitors
  Google: UP (325ms)
  Supabase: UP (153ms)
  Streamlit: UP (230ms)
[2026-02-01T20:39:19.195772+00:00] Checked 3 monitors
  Google: UP (327ms)
  Supabase: UP (137ms)
  Streamlit: UP (221ms)
[2026-02-01T20:44:21.521561+00:00] Checked 3 monitors
  Google: UP (309ms)
  Supabase: UP (112ms)
  Streamlit: UP (211ms)
[2026-02-01T20:49:23.518507+00:00] Checked 3 monitors
  Google: UP (315ms)
  Supabase: UP (143ms)
  Streamlit: UP (169ms)
[2026-02-01T20:54:26.234052+00:00] Checked 3 monitors
  Google: UP (298ms)
  Supabase: UP (130ms)
  Streamlit: UP (215ms)
[2026-02-01T20:59:28.528674+00:00] Checked 3 monitors
  Google: UP (302ms)
  Supabase: UP (209ms)
  Streamlit: UP (216ms)
[2026-02-01T21:04:31.313683+00:00] Checked 3 monitors
  Google: UP (327ms)
  Supabase: UP (108ms)
  Streamlit: UP (209ms)
[2026-02-01T21:09:33.501301+00:00] Checked 3 monitors
  Google: UP (324ms)
  Supabase: UP (152ms)
  Streamlit: UP (160ms)
[2026-02-01T21:14:35.764623+00:00] Checked 3 monitors
  Google: UP (322ms)
  Supabase: UP (151ms)
  Streamlit: UP (202ms)
[2026-02-01T21:19:38.782379+00:00] Checked 3 monitors
  Google: UP (319ms)
  Supabase: UP (133ms)
  Streamlit: UP (238ms)
[2026-02-01T21:24:41.111201+00:00] Checked 3 monitors
  Google: UP (340ms)
  Supabase: UP (104ms)
  Streamlit: UP (236ms)
[2026-02-01T21:29:43.256490+00:00] Checked 3 monitors
  Google: UP (320ms)
  Supabase: UP (125ms)
  Streamlit: UP (187ms)
[2026-02-01T21:34:46.207548+00:00] Checked 3 monitors
  Google: UP (335ms)
  Supabase: UP (161ms)
  Streamlit: UP (303ms)
[2026-02-01T21:39:48.612749+00:00] Checked 3 monitors
  Google: UP (346ms)
  Supabase: UP (124ms)
  Streamlit: UP (339ms)
[2026-02-01T21:44:50.903364+00:00] Checked 3 monitors
  Google: UP (318ms)
  Supabase: UP (131ms)
  Streamlit: UP (217ms)
[2026-02-01T21:49:53.112954+00:00] Checked 3 monitors
  Google: UP (321ms)
  Supabase: UP (147ms)
  Streamlit: UP (176ms)
[2026-02-01T21:54:55.527975+00:00] Checked 3 monitors
  Google: UP (339ms)
  Supabase: UP (123ms)
  Streamlit: UP (284ms)
[2026-02-01T21:59:57.852954+00:00] Checked 3 monitors
  Google: UP (305ms)
  Supabase: UP (175ms)
  Streamlit: UP (211ms)
[2026-02-01T22:05:01.208034+00:00] Checked 3 monitors
  Google: UP (341ms)
  Supabase: UP (129ms)
  Streamlit: UP (207ms)
[2026-02-01T22:10:03.417970+00:00] Checked 3 monitors
  Google: UP (326ms)
  Supabase: UP (151ms)
  Streamlit: UP (196ms)
[2026-02-01T22:15:05.780975+00:00] Checked 3 monitors
  Google: UP (341ms)
  Supabase: UP (108ms)
  Streamlit: UP (200ms)
[2026-02-01T22:20:08.212867+00:00] Checked 3 monitors
  Google: UP (332ms)
  Supabase: UP (153ms)
  Streamlit: UP (378ms)
[2026-02-01T22:25:10.840640+00:00] Checked 3 monitors
  Google: UP (323ms)
  Supabase: UP (119ms)
  Streamlit: UP (276ms)
[2026-02-01T22:30:12.984342+00:00] Checked 3 monitors
  Google: UP (333ms)
  Supabase: UP (109ms)
  Streamlit: UP (192ms)
[2026-02-01T22:35:15.363859+00:00] Checked 3 monitors
  Google: UP (327ms)
  Supabase: UP (133ms)
  Streamlit: UP (256ms)
[2026-02-01T22:40:17.704811+00:00] Checked 3 monitors
  Google: UP (334ms)
  Supabase: UP (132ms)
  Streamlit: UP (235ms)
[2026-02-01T22:45:20.584042+00:00] Checked 3 monitors
  Google: UP (339ms)
  Supabase: UP (137ms)
  Streamlit: UP (222ms)
[2026-02-01T22:50:22.646681+00:00] Checked 3 monitors
  Google: UP (354ms)
  Supabase: UP (129ms)
  Streamlit: UP (184ms)
[2026-02-01T22:55:25.117040+00:00] Checked 3 monitors
  Google: UP (331ms)
  Supabase: UP (130ms)
  Streamlit: UP (315ms)
[2026-02-01T23:00:27.473581+00:00] Checked 3 monitors
  Google: UP (334ms)
  Supabase: UP (119ms)
  Streamlit: UP (326ms)
[2026-02-01T23:05:30.227133+00:00] Checked 3 monitors
  Google: UP (312ms)
  Supabase: UP (129ms)
  Streamlit: UP (213ms)
[2026-02-01T23:10:33.058900+00:00] Checked 3 monitors
  Google: UP (322ms)
  Supabase: UP (148ms)
  Streamlit: UP (178ms)
[2026-02-01T23:15:35.509412+00:00] Checked 3 monitors
  Google: UP (331ms)
  Supabase: UP (137ms)
  Streamlit: UP (236ms)
[2026-02-01T23:20:37.720211+00:00] Checked 3 monitors
  Google: UP (334ms)
  Supabase: UP (133ms)
  Streamlit: UP (239ms)
[2026-02-01T23:25:41.084946+00:00] Checked 3 monitors
  Google: UP (312ms)
  Supabase: UP (200ms)
  Streamlit: UP (249ms)
[2026-02-01T23:30:43.349282+00:00] Checked 3 monitors
  Google: UP (328ms)
  Supabase: UP (158ms)
  Streamlit: UP (188ms)
[2026-02-01T23:35:45.799979+00:00] Checked 3 monitors
  Google: UP (323ms)
  Supabase: UP (107ms)
  Streamlit: UP (210ms)
[2026-02-01T23:40:48.140004+00:00] Checked 3 monitors
  Google: UP (339ms)
  Supabase: UP (131ms)
  Streamlit: UP (239ms)
[2026-02-01T23:45:51.200036+00:00] Checked 3 monitors
  Google: UP (325ms)
  Supabase: UP (120ms)
  Streamlit: UP (293ms)
[2026-02-01T23:50:53.562147+00:00] Checked 3 monitors
  Google: UP (331ms)
  Supabase: UP (135ms)
  Streamlit: UP (190ms)
[2026-02-01T23:55:56.055593+00:00] Checked 3 monitors
  Google: UP (321ms)
  Supabase: UP (107ms)
  Streamlit: UP (212ms)
[2026-02-02T00:00:58.248514+00:00] Checked 3 monitors
  Google: UP (333ms)
  Supabase: UP (138ms)
  Streamlit: UP (221ms)
[2026-02-02T00:06:01.008380+00:00] Checked 3 monitors
  Google: UP (302ms)
  Supabase: UP (113ms)
  Streamlit: UP (311ms)
[2026-02-02T00:11:03.117971+00:00] Checked 3 monitors
  Google: UP (324ms)
  Supabase: UP (132ms)
  Streamlit: UP (189ms)
[2026-02-02T00:16:05.670624+00:00] Checked 3 monitors
  Google: UP (383ms)
  Supabase: UP (115ms)
  Streamlit: UP (315ms)
[2026-02-02T00:21:08.085707+00:00] Checked 3 monitors
  Google: UP (329ms)
  Supabase: UP (131ms)
  Streamlit: UP (230ms)
[2026-02-02T00:26:10.714078+00:00] Checked 3 monitors
  Google: UP (322ms)
  Supabase: UP (157ms)
  Streamlit: UP (288ms)
[2026-02-02T00:31:13.108102+00:00] Checked 3 monitors
  Google: UP (467ms)
  Supabase: UP (132ms)
  Streamlit: UP (202ms)
[2026-02-02T00:36:15.727505+00:00] Checked 3 monitors
  Google: UP (318ms)
  Supabase: UP (140ms)
  Streamlit: UP (223ms)
[2026-02-02T00:41:18.299522+00:00] Checked 3 monitors
  Google: UP (326ms)
  Supabase: UP (110ms)
  Streamlit: UP (223ms)
[2026-02-02T00:46:20.492647+00:00] Checked 3 monitors
  Google: UP (337ms)
  Supabase: UP (130ms)
  Streamlit: UP (224ms)
[2026-02-02T00:51:22.712339+00:00] Checked 3 monitors
  Google: UP (323ms)
  Supabase: UP (261ms)
  Streamlit: UP (176ms)
[2026-02-02T00:56:25.175364+00:00] Checked 3 monitors
  Google: UP (334ms)
  Supabase: UP (130ms)
  Streamlit: UP (261ms)
[2026-02-02T01:01:27.512214+00:00] Checked 3 monitors
  Google: UP (331ms)
  Supabase: UP (328ms)
  Streamlit: UP (222ms)
[2026-02-02T01:06:30.320413+00:00] Checked 3 monitors
  Google: UP (324ms)
  Supabase: UP (138ms)
  Streamlit: UP (250ms)
[2026-02-02T01:11:32.578455+00:00] Checked 3 monitors
  Google: UP (306ms)
  Supabase: UP (116ms)
  Streamlit: UP (197ms)
[2026-02-02T01:16:35.655499+00:00] Checked 3 monitors
  Google: UP (306ms)
  Supabase: UP (161ms)
  Streamlit: UP (223ms)
[2026-02-02T01:21:37.894311+00:00] Checked 3 monitors
  Google: UP (320ms)
  Supabase: UP (135ms)
  Streamlit: UP (246ms)
[2026-02-02T01:26:40.649024+00:00] Checked 3 monitors
  Google: UP (325ms)
  Supabase: UP (109ms)
  Streamlit: UP (220ms)
[2026-02-02T01:31:43.043230+00:00] Checked 3 monitors
  Google: UP (324ms)
  Supabase: UP (123ms)
  Streamlit: UP (179ms)
[2026-02-02T01:36:45.218248+00:00] Checked 3 monitors
  Google: UP (334ms)
  Supabase: UP (129ms)
  Streamlit: UP (304ms)
[2026-02-02T01:41:47.807148+00:00] Checked 3 monitors
  Google: UP (329ms)
  Supabase: UP (150ms)
  Streamlit: UP (226ms)
[2026-02-02T01:46:50.082434+00:00] Checked 3 monitors
  Google: UP (325ms)
  Supabase: UP (131ms)
  Streamlit: UP (307ms)
[2026-02-02T01:51:52.365206+00:00] Checked 3 monitors
  Google: UP (328ms)
  Supabase: UP (124ms)
  Streamlit: UP (190ms)
[2026-02-02T01:56:55.364413+00:00] Checked 3 monitors
  Google: UP (334ms)
  Supabase: UP (161ms)
  Streamlit: UP (304ms)
[2026-02-02T02:01:57.621687+00:00] Checked 3 monitors
  Google: UP (325ms)
  Supabase: UP (187ms)
  Streamlit: UP (228ms)
[2026-02-02T02:07:00.162854+00:00] Checked 3 monitors
  Google: UP (336ms)
  Supabase: UP (130ms)
  Streamlit: UP (219ms)
[2026-02-02T02:12:03.141885+00:00] Checked 3 monitors
  Google: UP (338ms)
  Supabase: UP (138ms)
  Streamlit: UP (200ms)
[2026-02-02T02:17:05.496063+00:00] Checked 3 monitors
  Google: UP (447ms)
  Supabase: UP (123ms)
  Streamlit: UP (228ms)
[2026-02-02T02:22:07.937659+00:00] Checked 3 monitors
  Google: UP (352ms)
  Supabase: UP (126ms)
  Streamlit: UP (252ms)
[2026-02-02T02:27:10.224901+00:00] Checked 3 monitors
  Google: UP (328ms)
  Supabase: UP (127ms)
  Streamlit: UP (234ms)
[2026-02-02T02:32:12.336779+00:00] Checked 3 monitors
  Google: UP (337ms)
  Supabase: UP (101ms)
  Streamlit: UP (185ms)
[2026-02-02T02:37:15.055061+00:00] Checked 3 monitors
  Google: UP (324ms)
  Supabase: UP (122ms)
  Streamlit: UP (315ms)
[2026-02-02T02:42:18.303559+00:00] Checked 3 monitors
  Google: UP (357ms)
  Supabase: UP (148ms)
  Streamlit: UP (346ms)
[2026-02-02T02:47:20.392418+00:00] Checked 3 monitors
  Google: UP (321ms)
  Supabase: UP (129ms)
  Streamlit: UP (257ms)
[2026-02-02T02:52:22.664807+00:00] Checked 3 monitors
  Google: UP (324ms)
  Supabase: UP (116ms)
  Streamlit: UP (195ms)
[2026-02-02T02:57:24.984063+00:00] Checked 3 monitors
  Google: UP (335ms)
  Supabase: UP (113ms)
  Streamlit: UP (233ms)
[2026-02-02T03:02:27.483467+00:00] Checked 3 monitors
  Google: UP (328ms)
  Supabase: UP (126ms)
  Streamlit: UP (302ms)
[2026-02-02T03:07:29.615009+00:00] Checked 3 monitors
  Google: UP (315ms)
  Supabase: UP (101ms)
  Streamlit: UP (215ms)
[2026-02-02T03:12:33.477261+00:00] Checked 3 monitors
  Google: UP (319ms)
  Supabase: UP (126ms)
  Streamlit: UP (185ms)
[2026-02-02T03:17:35.672970+00:00] Checked 3 monitors
  Google: UP (323ms)
  Supabase: UP (123ms)
  Streamlit: UP (221ms)
[2026-02-02T03:22:38.297673+00:00] Checked 3 monitors
  Google: UP (326ms)
  Supabase: UP (140ms)
  Streamlit: UP (337ms)
[2026-02-02T03:27:40.763864+00:00] Checked 3 monitors
  Google: UP (320ms)
  Supabase: UP (110ms)
  Streamlit: UP (355ms)
[2026-02-02T03:32:43.012380+00:00] Checked 3 monitors
  Google: UP (329ms)
  Supabase: UP (227ms)
  Streamlit: UP (182ms)
[2026-02-02T03:37:45.295394+00:00] Checked 3 monitors
  Google: UP (339ms)
  Supabase: UP (118ms)
  Streamlit: UP (234ms)
[2026-02-02T03:42:47.467038+00:00] Checked 3 monitors
  Google: UP (324ms)
  Supabase: UP (129ms)
  Streamlit: UP (239ms)
[2026-02-02T03:47:51.042701+00:00] Checked 3 monitors
  Google: UP (328ms)
  Supabase: UP (109ms)
  Streamlit: UP (232ms)
[2026-02-02T03:52:53.079226+00:00] Checked 3 monitors
  Google: UP (315ms)
  Supabase: UP (126ms)
  Streamlit: UP (184ms)
[2026-02-02T03:57:55.364488+00:00] Checked 3 monitors
  Google: UP (338ms)
  Supabase: UP (104ms)
  Streamlit: UP (218ms)
[2026-02-02T04:02:57.788041+00:00] Checked 3 monitors
  Google: UP (328ms)
  Supabase: UP (172ms)
  Streamlit: UP (234ms)
[2026-02-02T04:07:59.963719+00:00] Checked 3 monitors
  Google: UP (330ms)
  Supabase: UP (110ms)
  Streamlit: UP (228ms)
[2026-02-02T04:13:02.240740+00:00] Checked 3 monitors
  Google: UP (321ms)
  Supabase: UP (128ms)
  Streamlit: UP (177ms)
[2026-02-02T04:18:04.448079+00:00] Checked 3 monitors
  Google: UP (452ms)
  Supabase: UP (104ms)
  Streamlit: UP (225ms)
[2026-02-02T04:23:06.688696+00:00] Checked 3 monitors
  Google: UP (334ms)
  Supabase: UP (156ms)
  Streamlit: UP (237ms)
[2026-02-02T04:28:08.953451+00:00] Checked 3 monitors
  Google: UP (328ms)
  Supabase: UP (103ms)
  Streamlit: UP (236ms)
[2026-02-02T04:33:11.328592+00:00] Checked 3 monitors
  Google: UP (273ms)
  Supabase: UP (128ms)
  Streamlit: UP (192ms)
[2026-02-02T04:38:13.712082+00:00] Checked 3 monitors
  Google: UP (323ms)
  Supabase: UP (110ms)
  Streamlit: UP (224ms)
[2026-02-02T04:43:16.715252+00:00] Checked 3 monitors
  Google: UP (336ms)
  Supabase: UP (130ms)
  Streamlit: UP (314ms)
[2026-02-02T04:48:18.767015+00:00] Checked 3 monitors
  Google: UP (318ms)
  Supabase: UP (109ms)
  Streamlit: UP (231ms)
[2026-02-02T04:53:20.925337+00:00] Checked 3 monitors
  Google: UP (346ms)
  Supabase: UP (154ms)
  Streamlit: UP (184ms)
[2026-02-02T04:58:23.257921+00:00] Checked 3 monitors
  Google: UP (330ms)
  Supabase: UP (102ms)
  Streamlit: UP (216ms)
[2026-02-02T05:03:25.472793+00:00] Checked 3 monitors
  Google: UP (330ms)
  Supabase: UP (134ms)
  Streamlit: UP (223ms)
[2026-02-02T05:08:27.802007+00:00] Checked 3 monitors
  Google: UP (331ms)
  Supabase: UP (104ms)
  Streamlit: UP (221ms)
[2026-02-02T05:13:31.232941+00:00] Checked 3 monitors
  Google: UP (334ms)
  Supabase: UP (119ms)
  Streamlit: UP (174ms)
[2026-02-02T05:18:33.671287+00:00] Checked 3 monitors
  Google: UP (348ms)
  Supabase: UP (127ms)
  Streamlit: UP (343ms)
[2026-02-02T05:23:36.782381+00:00] Checked 3 monitors
  Google: UP (328ms)
  Supabase: UP (157ms)
  Streamlit: UP (263ms)
[2026-02-02T05:28:39.036922+00:00] Checked 3 monitors
  Google: UP (329ms)
  Supabase: UP (109ms)
  Streamlit: UP (231ms)
[2026-02-02T05:33:41.408907+00:00] Checked 3 monitors
  Google: UP (295ms)
  Supabase: UP (134ms)
  Streamlit: UP (175ms)
[2026-02-02T05:38:43.589784+00:00] Checked 3 monitors
  Google: UP (328ms)
  Supabase: UP (107ms)
  Streamlit: UP (214ms)
[2026-02-02T05:43:47.138640+00:00] Checked 3 monitors
  Google: UP (291ms)
  Supabase: UP (129ms)
  Streamlit: UP (217ms)
[2026-02-02T05:48:49.449082+00:00] Checked 3 monitors
  Google: UP (331ms)
  Supabase: UP (159ms)
  Streamlit: UP (224ms)
[2026-02-02T05:53:51.836001+00:00] Checked 3 monitors
  Google: UP (327ms)
  Supabase: UP (125ms)
  Streamlit: UP (164ms)
[2026-02-02T05:58:54.149941+00:00] Checked 3 monitors
  Google: UP (328ms)
  Supabase: UP (124ms)
  Streamlit: UP (206ms)
[2026-02-02T06:03:56.552137+00:00] Checked 3 monitors
  Google: UP (348ms)
  Supabase: UP (121ms)
  Streamlit: UP (206ms)
[2026-02-02T06:08:58.704106+00:00] Checked 3 monitors
  Google: UP (328ms)
  Supabase: UP (149ms)
  Streamlit: UP (282ms)
[2026-02-02T06:14:02.133389+00:00] Checked 3 monitors
  Google: UP (352ms)
  Supabase: UP (155ms)
  Streamlit: UP (157ms)
[2026-02-02T06:19:04.556400+00:00] Checked 3 monitors
  Google: UP (344ms)
  Supabase: UP (121ms)
  Streamlit: UP (294ms)
[2026-02-02T06:24:07.081416+00:00] Checked 3 monitors
  Google: UP (314ms)
  Supabase: UP (129ms)
  Streamlit: UP (184ms)
[2026-02-02T06:29:09.455592+00:00] Checked 3 monitors
  Google: UP (335ms)
  Supabase: UP (114ms)
  Streamlit: UP (339ms)
[2026-02-02T06:34:12.705801+00:00] Checked 3 monitors
  Google: UP (330ms)
  Supabase: UP (144ms)
  Streamlit: UP (163ms)
[2026-02-02T06:39:15.056661+00:00] Checked 3 monitors
  Google: UP (323ms)
  Supabase: UP (118ms)
  Streamlit: UP (233ms)
[2026-02-02T06:44:17.583858+00:00] Checked 3 monitors
  Google: UP (326ms)
  Supabase: UP (133ms)
  Streamlit: UP (223ms)
[2026-02-02T06:49:19.793450+00:00] Checked 3 monitors
  Google: UP (321ms)
  Supabase: UP (129ms)
  Streamlit: UP (211ms)
[2026-02-02T06:54:22.817581+00:00] Checked 3 monitors
  Google: UP (316ms)
  Supabase: UP (155ms)
  Streamlit: UP (169ms)
[2026-02-02T06:59:25.037658+00:00] Checked 3 monitors
  Google: UP (329ms)
  Supabase: UP (122ms)
  Streamlit: UP (202ms)
[2026-02-02T07:04:27.846406+00:00] Checked 3 monitors
  Google: UP (332ms)
  Supabase: UP (138ms)
  Streamlit: UP (206ms)
[2026-02-02T07:09:30.086087+00:00] Checked 3 monitors
  Google: UP (336ms)
  Supabase: UP (113ms)
  Streamlit: UP (297ms)
[2026-02-02T07:14:33.515371+00:00] Checked 3 monitors
  Google: UP (325ms)
  Supabase: UP (188ms)
  Streamlit: UP (182ms)
[2026-02-02T07:19:35.868219+00:00] Checked 3 monitors
  Google: UP (331ms)
  Supabase: UP (166ms)
  Streamlit: UP (201ms)
[2026-02-02T07:24:38.746261+00:00] Checked 3 monitors
  Google: UP (327ms)
  Supabase: UP (108ms)
  Streamlit: UP (195ms)
[2026-02-02T07:29:41.095826+00:00] Checked 3 monitors
  Google: UP (328ms)
  Supabase: UP (146ms)
  Streamlit: UP (262ms)
[2026-02-02T07:34:43.503831+00:00] Checked 3 monitors
  Google: UP (340ms)
  Supabase: UP (120ms)
  Streamlit: UP (169ms)
[2026-02-02T07:39:45.709729+00:00] Checked 3 monitors
  Google: UP (322ms)
  Supabase: UP (138ms)
  Streamlit: UP (193ms)
[2026-02-02T07:44:48.953487+00:00] Checked 3 monitors
  Google: UP (319ms)
  Supabase: UP (152ms)
  Streamlit: UP (214ms)
[2026-02-02T07:49:51.105940+00:00] Checked 3 monitors
  Google: UP (325ms)
  Supabase: UP (106ms)
  Streamlit: UP (227ms)
[2026-02-02T07:54:53.597464+00:00] Checked 3 monitors
  Google: UP (332ms)
  Supabase: UP (211ms)
  Streamlit: UP (169ms)
[2026-02-02T07:59:55.759539+00:00] Checked 3 monitors
  Google: UP (332ms)
  Supabase: UP (106ms)
  Streamlit: UP (199ms)
[2026-02-02T08:04:58.287565+00:00] Checked 3 monitors
  Google: UP (336ms)
  Supabase: UP (147ms)
  Streamlit: UP (212ms)
[2026-02-02T08:10:00.423729+00:00] Checked 3 monitors
  Google: UP (327ms)
  Supabase: UP (102ms)
  Streamlit: UP (187ms)
[2026-02-02T08:15:02.791824+00:00] Checked 3 monitors
  Google: UP (330ms)
  Supabase: UP (127ms)
  Streamlit: UP (176ms)
[2026-02-02T08:20:05.071710+00:00] Checked 3 monitors
  Google: UP (364ms)
  Supabase: UP (141ms)
  Streamlit: UP (212ms)
[2026-02-02T08:25:07.648167+00:00] Checked 3 monitors
  Google: UP (357ms)
  Supabase: UP (166ms)
  Streamlit: UP (200ms)
[2026-02-02T08:30:10.045342+00:00] Checked 3 monitors
  Google: UP (357ms)
  Supabase: UP (127ms)
  Streamlit: UP (231ms)
[2026-02-02T08:35:12.606026+00:00] Checked 3 monitors
  Google: UP (360ms)
  Supabase: UP (291ms)
  Streamlit: UP (181ms)
[2026-02-02T08:40:15.076766+00:00] Checked 3 monitors
  Google: UP (351ms)
  Supabase: UP (163ms)
  Streamlit: UP (204ms)
[2026-02-02T08:45:17.936620+00:00] Checked 3 monitors
  Google: UP (391ms)
  Supabase: UP (139ms)
  Streamlit: UP (230ms)
[2026-02-02T08:50:20.331309+00:00] Checked 3 monitors
  Google: UP (360ms)
  Supabase: UP (171ms)
  Streamlit: UP (212ms)
[2026-02-02T08:55:22.813765+00:00] Checked 3 monitors
  Google: UP (355ms)
  Supabase: UP (149ms)
  Streamlit: UP (171ms)
[2026-02-02T09:00:25.095223+00:00] Checked 3 monitors
  Google: UP (361ms)
  Supabase: UP (197ms)
  Streamlit: UP (258ms)
[2026-02-02T09:05:28.609722+00:00] Checked 3 monitors
  Google: UP (364ms)
  Supabase: UP (131ms)
  Streamlit: UP (250ms)
[2026-02-02T09:10:31.080461+00:00] Checked 3 monitors
  Google: UP (410ms)
  Supabase: UP (182ms)
  Streamlit: UP (238ms)
[2026-02-02T09:15:34.148101+00:00] Checked 3 monitors
  Google: UP (602ms)
  Supabase: UP (195ms)
  Streamlit: UP (219ms)
[2026-02-02T09:20:36.713016+00:00] Checked 3 monitors
  Google: UP (373ms)
  Supabase: UP (161ms)
  Streamlit: UP (265ms)
[2026-02-02T09:25:39.363710+00:00] Checked 3 monitors
  Google: UP (359ms)
  Supabase: UP (137ms)
  Streamlit: UP (237ms)
[2026-02-02T09:30:41.677888+00:00] Checked 3 monitors
  Google: UP (369ms)
  Supabase: UP (172ms)
  Streamlit: UP (259ms)
[2026-02-02T09:35:44.055296+00:00] Checked 3 monitors
  Google: UP (370ms)
  Supabase: UP (141ms)
  Streamlit: UP (213ms)
[2026-02-02T09:40:47.021148+00:00] Checked 3 monitors
  Google: UP (357ms)
  Supabase: UP (167ms)
  Streamlit: UP (267ms)
[2026-02-02T09:45:50.330247+00:00] Checked 3 monitors
  Google: UP (352ms)
  Supabase: UP (146ms)
  Streamlit: UP (250ms)
[2026-02-02T09:50:52.643223+00:00] Checked 3 monitors
  Google: UP (366ms)
  Supabase: UP (158ms)
  Streamlit: UP (256ms)
[2026-02-02T09:55:55.154212+00:00] Checked 3 monitors
  Google: UP (359ms)
  Supabase: UP (142ms)
  Streamlit: UP (214ms)
[2026-02-02T10:00:57.541406+00:00] Checked 3 monitors
  Google: UP (335ms)
  Supabase: UP (156ms)
  Streamlit: UP (287ms)
[2026-02-02T10:05:59.890731+00:00] Checked 3 monitors
  Google: UP (350ms)
  Supabase: UP (140ms)
  Streamlit: UP (258ms)
[2026-02-02T10:11:02.175905+00:00] Checked 3 monitors
  Google: UP (349ms)
  Supabase: UP (172ms)
  Streamlit: UP (262ms)
[2026-02-02T10:16:05.102197+00:00] Checked 3 monitors
  Google: UP (364ms)
  Supabase: UP (157ms)
  Streamlit: UP (211ms)
[2026-02-02T10:21:07.820258+00:00] Checked 3 monitors
  Google: UP (371ms)
  Supabase: UP (145ms)
  Streamlit: UP (242ms)
[2026-02-02T10:26:10.163119+00:00] Checked 3 monitors
  Google: UP (346ms)
  Supabase: UP (150ms)
  Streamlit: UP (302ms)
[2026-02-02T10:31:12.393502+00:00] Checked 3 monitors
  Google: UP (333ms)
  Supabase: UP (116ms)
  Streamlit: UP (279ms)
[2026-02-02T10:36:14.808713+00:00] Checked 3 monitors
  Google: UP (340ms)
  Supabase: UP (153ms)
  Streamlit: UP (206ms)
[2026-02-02T10:41:17.126704+00:00] Checked 3 monitors
  Google: UP (328ms)
  Supabase: DOWN (Nonems)
  Streamlit: UP (226ms)
[2026-02-02T10:46:20.922953+00:00] Checked 3 monitors
  Google: UP (324ms)
  Supabase: UP (169ms)
  Streamlit: UP (301ms)
[2026-02-02T10:51:22.959004+00:00] Checked 3 monitors
  Google: UP (315ms)
  Supabase: UP (102ms)
  Streamlit: UP (187ms)
[2026-02-02T10:56:25.316172+00:00] Checked 3 monitors
  Google: UP (334ms)
  Supabase: UP (128ms)
  Streamlit: UP (162ms)
[2026-02-02T11:01:27.575469+00:00] Checked 3 monitors
  Google: UP (323ms)
  Supabase: UP (127ms)
  Streamlit: UP (226ms)
[2026-02-02T11:06:29.999517+00:00] Checked 3 monitors
  Google: UP (345ms)
  Supabase: UP (138ms)
  Streamlit: UP (206ms)
[2026-02-02T11:11:33.554304+00:00] Checked 3 monitors
  Google: UP (305ms)
  Supabase: UP (120ms)
  Streamlit: UP (213ms)
[2026-02-02T11:16:35.780612+00:00] Checked 3 monitors
  Google: UP (326ms)
  Supabase: UP (127ms)
  Streamlit: UP (167ms)
[2026-02-02T11:21:38.574807+00:00] Checked 3 monitors
  Google: UP (323ms)
  Supabase: UP (109ms)
  Streamlit: UP (362ms)
[2026-02-02T11:26:40.722954+00:00] Checked 3 monitors
  Google: UP (331ms)
  Supabase: UP (238ms)
  Streamlit: UP (204ms)
[2026-02-02T11:31:42.960131+00:00] Checked 3 monitors
  Google: UP (325ms)
  Supabase: UP (112ms)
  Streamlit: UP (214ms)
[2026-02-02T11:36:45.682293+00:00] Checked 3 monitors
  Google: UP (325ms)
  Supabase: UP (178ms)
  Streamlit: UP (168ms)
[2026-02-02T11:41:47.820678+00:00] Checked 3 monitors
  Google: UP (330ms)
  Supabase: UP (102ms)
  Streamlit: UP (190ms)
[2026-02-02T11:46:50.819240+00:00] Checked 3 monitors
  Google: UP (325ms)
  Supabase: UP (149ms)
  Streamlit: UP (278ms)
[2026-02-02T11:51:54.667994+00:00] Checked 3 monitors
  Google: UP (317ms)
  Supabase: UP (115ms)
  Streamlit: UP (214ms)
[2026-02-02T11:56:56.690764+00:00] Checked 3 monitors
  Google: UP (316ms)
  Supabase: UP (127ms)
  Streamlit: UP (169ms)
[2026-02-02T12:01:58.780038+00:00] Checked 3 monitors
  Google: UP (322ms)
  Supabase: UP (127ms)
  Streamlit: UP (229ms)
[2026-02-02T12:07:01.359246+00:00] Checked 3 monitors
  Google: UP (300ms)
  Supabase: UP (168ms)
  Streamlit: UP (201ms)
[2026-02-02T12:12:03.491617+00:00] Checked 3 monitors
  Google: UP (319ms)
  Supabase: UP (126ms)
  Streamlit: UP (239ms)
[2026-02-02T12:17:05.880954+00:00] Checked 3 monitors
  Google: UP (302ms)
  Supabase: UP (127ms)
  Streamlit: UP (174ms)
[2026-02-02T12:22:08.050366+00:00] Checked 3 monitors
  Google: UP (318ms)
  Supabase: UP (105ms)
  Streamlit: UP (205ms)
[2026-02-02T12:27:10.630315+00:00] Checked 3 monitors
  Google: UP (461ms)
  Supabase: UP (133ms)
  Streamlit: UP (223ms)
[2026-02-02T12:32:12.849712+00:00] Checked 3 monitors
  Google: UP (333ms)
  Supabase: UP (114ms)
  Streamlit: UP (223ms)
[2026-02-02T12:37:15.203856+00:00] Checked 3 monitors
  Google: UP (330ms)
  Supabase: UP (133ms)
  Streamlit: UP (167ms)
[2026-02-02T12:42:17.405772+00:00] Checked 3 monitors
  Google: UP (328ms)
  Supabase: UP (102ms)
  Streamlit: UP (252ms)
[2026-02-02T12:47:21.097272+00:00] Checked 3 monitors
  Google: UP (330ms)
  Supabase: UP (153ms)
  Streamlit: UP (297ms)
[2026-02-02T12:52:23.585815+00:00] Checked 3 monitors
  Google: UP (339ms)
  Supabase: UP (125ms)
  Streamlit: UP (222ms)
[2026-02-02T12:57:25.787749+00:00] Checked 3 monitors
  Google: UP (326ms)
  Supabase: UP (154ms)
  Streamlit: UP (168ms)
[2026-02-02T13:02:28.285542+00:00] Checked 3 monitors
  Google: UP (329ms)
  Supabase: UP (105ms)
  Streamlit: UP (248ms)
[2026-02-02T13:07:30.474772+00:00] Checked 3 monitors
  Google: UP (337ms)
  Supabase: UP (130ms)
  Streamlit: UP (206ms)
[2026-02-02T13:12:32.537308+00:00] Checked 3 monitors
  Google: UP (316ms)
  Supabase: UP (106ms)
  Streamlit: UP (190ms)
[2026-02-02T13:17:35.174407+00:00] Checked 3 monitors
  Google: UP (319ms)
  Supabase: UP (149ms)
  Streamlit: UP (168ms)
[2026-02-02T13:22:37.610522+00:00] Checked 3 monitors
  Google: UP (301ms)
  Supabase: UP (118ms)
  Streamlit: UP (197ms)
[2026-02-02T13:27:40.080975+00:00] Checked 3 monitors
  Google: UP (325ms)
  Supabase: UP (274ms)
  Streamlit: UP (348ms)
[2026-02-02T13:32:42.406964+00:00] Checked 3 monitors
  Google: UP (336ms)
  Supabase: UP (130ms)
  Streamlit: UP (303ms)
[2026-02-02T13:37:44.783153+00:00] Checked 3 monitors
  Google: UP (335ms)
  Supabase: UP (271ms)
  Streamlit: UP (188ms)
[2026-02-02T13:42:47.868682+00:00] Checked 3 monitors
  Google: UP (326ms)
  Supabase: UP (114ms)
  Streamlit: UP (276ms)
[2026-02-02T13:47:50.775779+00:00] Checked 3 monitors
  Google: UP (334ms)
  Supabase: UP (156ms)
  Streamlit: UP (266ms)
[2026-02-02T13:52:53.152124+00:00] Checked 3 monitors
  Google: UP (334ms)
  Supabase: UP (108ms)
  Streamlit: UP (307ms)
[2026-02-02T13:57:55.419183+00:00] Checked 3 monitors
  Google: UP (326ms)
  Supabase: UP (156ms)
  Streamlit: UP (187ms)
[2026-02-02T14:02:57.654103+00:00] Checked 3 monitors
  Google: UP (333ms)
  Supabase: UP (113ms)
  Streamlit: UP (269ms)
[2026-02-02T14:08:00.266222+00:00] Checked 3 monitors
  Google: UP (329ms)
  Supabase: UP (142ms)
  Streamlit: UP (281ms)
[2026-02-02T14:13:02.623452+00:00] Checked 3 monitors
  Google: UP (341ms)
  Supabase: UP (197ms)
  Streamlit: UP (250ms)
[2026-02-02T14:18:05.040416+00:00] Checked 3 monitors
  Google: UP (300ms)
  Supabase: UP (123ms)
  Streamlit: UP (183ms)
[2026-02-02T14:23:07.720382+00:00] Checked 3 monitors
  Google: UP (312ms)
  Supabase: UP (138ms)
  Streamlit: UP (298ms)
[2026-02-02T14:28:10.013553+00:00] Checked 3 monitors
  Google: UP (299ms)
  Supabase: UP (123ms)
  Streamlit: UP (319ms)
[2026-02-02T14:33:12.789509+00:00] Checked 3 monitors
  Google: UP (346ms)
  Supabase: UP (196ms)
  Streamlit: UP (328ms)
[2026-02-02T14:38:14.889745+00:00] Checked 3 monitors
  Google: UP (321ms)
  Supabase: UP (104ms)
  Streamlit: UP (178ms)
[2026-02-02T14:43:17.201683+00:00] Checked 3 monitors
  Google: UP (323ms)
  Supabase: UP (161ms)
  Streamlit: UP (235ms)
[2026-02-02T14:48:19.670979+00:00] Checked 3 monitors
  Google: UP (334ms)
  Supabase: UP (211ms)
  Streamlit: UP (235ms)
[2026-02-02T14:53:22.438751+00:00] Checked 3 monitors
  Google: UP (320ms)
  Supabase: UP (120ms)
  Streamlit: UP (317ms)
[2026-02-02T14:58:24.716059+00:00] Checked 3 monitors
  Google: UP (342ms)
  Supabase: UP (122ms)
  Streamlit: UP (184ms)
[2026-02-02T15:03:26.990167+00:00] Checked 3 monitors
  Google: UP (333ms)
  Supabase: UP (132ms)
  Streamlit: UP (240ms)
[2026-02-02T15:08:29.381253+00:00] Checked 3 monitors
  Google: UP (334ms)
  Supabase: UP (135ms)
  Streamlit: UP (283ms)
[2026-02-02T15:13:32.619813+00:00] Checked 3 monitors
  Google: UP (332ms)
  Supabase: UP (136ms)
  Streamlit: UP (256ms)
[2026-02-02T15:18:34.741898+00:00] Checked 3 monitors
  Google: UP (334ms)
  Supabase: UP (157ms)
  Streamlit: UP (190ms)
[2026-02-02T15:23:37.168046+00:00] Checked 3 monitors
  Google: UP (308ms)
  Supabase: UP (121ms)
  Streamlit: UP (325ms)
[2026-02-02T15:28:39.601363+00:00] Checked 3 monitors
  Google: UP (330ms)
  Supabase: UP (222ms)
  Streamlit: UP (256ms)
[2026-02-02T15:33:42.656615+00:00] Checked 3 monitors
  Google: UP (303ms)
  Supabase: UP (169ms)
  Streamlit: UP (309ms)
[2026-02-02T15:38:44.901255+00:00] Checked 3 monitors
  Google: UP (327ms)
  Supabase: UP (117ms)
  Streamlit: UP (185ms)
[2026-02-02T15:43:47.467967+00:00] Checked 3 monitors
  Google: UP (384ms)
  Supabase: UP (173ms)
  Streamlit: UP (284ms)
[2026-02-02T15:48:50.293012+00:00] Checked 3 monitors
  Google: UP (329ms)
  Supabase: UP (225ms)
  Streamlit: UP (367ms)
[2026-02-02T15:53:53.286086+00:00] Checked 3 monitors
  Google: UP (340ms)
  Supabase: UP (133ms)
  Streamlit: UP (242ms)
[2026-02-02T15:58:55.509286+00:00] Checked 3 monitors
  Google: UP (359ms)
  Supabase: UP (141ms)
  Streamlit: UP (190ms)
[2026-02-02T16:03:57.812084+00:00] Checked 3 monitors
  Google: UP (330ms)
  Supabase: UP (111ms)
  Streamlit: UP (264ms)
[2026-02-02T16:09:01.077489+00:00] Checked 3 monitors
  Google: UP (314ms)
  Supabase: UP (156ms)
  Streamlit: UP (258ms)
[2026-02-02T16:14:03.780249+00:00] Checked 3 monitors
  Google: UP (327ms)
  Supabase: UP (128ms)
  Streamlit: UP (349ms)
[2026-02-02T16:19:06.552840+00:00] Checked 3 monitors
  Google: UP (330ms)
  Supabase: UP (124ms)
  Streamlit: UP (223ms)
[2026-02-02T16:24:09.910666+00:00] Checked 3 monitors
  Google: UP (332ms)
  Supabase: UP (124ms)
  Streamlit: UP (243ms)
[2026-02-02T16:29:12.140515+00:00] Checked 3 monitors
  Google: UP (310ms)
  Supabase: UP (104ms)
  Streamlit: UP (296ms)
[2026-02-02T16:34:14.433377+00:00] Checked 3 monitors
  Google: UP (328ms)
  Supabase: UP (129ms)
  Streamlit: UP (263ms)
[2026-02-02T16:39:17.006189+00:00] Checked 3 monitors
  Google: UP (399ms)
  Supabase: UP (135ms)
  Streamlit: UP (218ms)
[2026-02-02T16:44:20.346717+00:00] Checked 3 monitors
  Google: UP (336ms)
  Supabase: UP (132ms)
  Streamlit: UP (277ms)
[2026-02-02T16:49:22.998090+00:00] Checked 3 monitors
  Google: UP (333ms)
  Supabase: UP (140ms)
  Streamlit: UP (334ms)
[2026-02-02T16:54:25.927071+00:00] Checked 3 monitors
  Google: UP (328ms)
  Supabase: UP (160ms)
  Streamlit: UP (268ms)
[2026-02-02T16:59:28.188840+00:00] Checked 3 monitors
  Google: UP (336ms)
  Supabase: UP (110ms)
  Streamlit: UP (217ms)
[2026-02-02T17:04:30.617734+00:00] Checked 3 monitors
  Google: UP (378ms)
  Supabase: UP (174ms)
  Streamlit: UP (263ms)
[2026-02-02T17:09:33.050414+00:00] Checked 3 monitors
  Google: UP (326ms)
  Supabase: UP (143ms)
  Streamlit: UP (241ms)
[2026-02-02T17:14:35.729911+00:00] Checked 3 monitors
  Google: UP (338ms)
  Supabase: UP (126ms)
  Streamlit: UP (248ms)
[2026-02-02T17:19:37.492115+00:00] Checked 3 monitors
  Google: UP (307ms)
  Supabase: UP (103ms)
  Streamlit: UP (213ms)
[2026-02-06T18:27:45.163849+00:00] Checked 6 monitors
  Streamlit: UP (195ms)
  Google: UP (285ms)
  Supabase: UP (141ms)
  httpbin Test: UP (351ms)
  ChurnPilot Experiment: UP (1312ms)
  ChurnPilot Production: UP (1225ms)
[2026-02-06T18:32:51.588811+00:00] Checked 6 monitors
  Streamlit: UP (241ms)
  Google: UP (249ms)
  Supabase: UP (135ms)
  httpbin Test: UP (1281ms)
  ChurnPilot Experiment: UP (1280ms)
  ChurnPilot Production: UP (1075ms)
[2026-02-06T18:37:57.695877+00:00] Checked 6 monitors
  Streamlit: UP (190ms)
  Google: UP (235ms)
  Supabase: UP (121ms)
  httpbin Test: UP (332ms)
  ChurnPilot Experiment: UP (1407ms)
  ChurnPilot Production: UP (1164ms)
[2026-02-06T18:43:05.277981+00:00] Checked 7 monitors
  Streamlit: UP (230ms)
  Google: UP (222ms)
  Supabase: UP (121ms)
  httpbin Test: UP (335ms)
  ChurnPilot Experiment: UP (1125ms)
  ChurnPilot Production: UP (1080ms)
  ChurnPilot Production: UP (1054ms)
[2026-02-06T18:48:08.908116+00:00] Checked 4 monitors
  Streamlit: UP (190ms)
  Google: UP (219ms)
  Supabase: UP (139ms)
  ChurnPilot Production: UP (1220ms)
[2026-02-06T18:53:14.071047+00:00] Checked 5 monitors
  ChurnPilot Experiment: UP (1111ms)
  Streamlit: UP (228ms)
  Google: UP (219ms)
  Supabase: UP (111ms)
  ChurnPilot Production: UP (1219ms)
[2026-02-06T18:58:18.991244+00:00] Checked 5 monitors
  ChurnPilot Experiment: UP (1316ms)
  Streamlit: UP (168ms)
  Google: UP (221ms)
  Supabase: UP (126ms)
  ChurnPilot Production: UP (1040ms)
[2026-02-06T19:03:25.657895+00:00] Checked 5 monitors
  ChurnPilot Experiment: UP (1420ms)
  Streamlit: UP (225ms)
  Google: UP (239ms)
  Supabase: UP (129ms)
  ChurnPilot Production: UP (1086ms)
[2026-02-06T19:08:30.942217+00:00] Checked 5 monitors
  ChurnPilot Experiment: UP (1388ms)
  Streamlit: UP (166ms)
  Google: UP (235ms)
  Supabase: UP (141ms)
  ChurnPilot Production: UP (1294ms)
[2026-02-06T19:13:36.311887+00:00] Checked 5 monitors
  ChurnPilot Experiment: UP (1314ms)
  Streamlit: UP (234ms)
  Google: UP (222ms)
  Supabase: UP (167ms)
  ChurnPilot Production: UP (1075ms)
[2026-02-06T19:18:41.126093+00:00] Checked 5 monitors
  ChurnPilot Experiment: UP (1212ms)
  Streamlit: UP (172ms)
  Google: UP (207ms)
  Supabase: UP (100ms)
  ChurnPilot Production: UP (1091ms)
[2026-02-06T19:23:46.854172+00:00] Checked 5 monitors
  ChurnPilot Experiment: UP (1525ms)
  Streamlit: UP (210ms)
  Google: UP (276ms)
  Supabase: UP (211ms)
  ChurnPilot Production: UP (1379ms)
[2026-02-06T19:28:51.812561+00:00] Checked 5 monitors
  Google: UP (255ms)
  Supabase: UP (117ms)
  ChurnPilot Production: UP (1276ms)
  ChurnPilot Experiment: UP (1124ms)
  Streamlit: UP (174ms)
[2026-02-06T19:33:57.124472+00:00] Checked 5 monitors
  Google: UP (262ms)
  Supabase: UP (124ms)
  ChurnPilot Production: UP (1229ms)
  ChurnPilot Experiment: UP (1425ms)
  Streamlit: UP (255ms)
[2026-02-06T19:39:02.654702+00:00] Checked 5 monitors
  Google: UP (248ms)
  Supabase: UP (119ms)
  ChurnPilot Production: UP (1511ms)
  ChurnPilot Experiment: UP (1237ms)
  Streamlit: UP (172ms)
[2026-02-06T19:44:08.415428+00:00] Checked 5 monitors
  Google: UP (264ms)
  Supabase: UP (126ms)
  ChurnPilot Production: UP (1302ms)
  ChurnPilot Experiment: UP (1205ms)
  Streamlit: UP (226ms)
[2026-02-06T19:49:14.123336+00:00] Checked 5 monitors
  Google: UP (246ms)
  Supabase: UP (129ms)
  ChurnPilot Production: UP (1445ms)
  ChurnPilot Experiment: UP (1081ms)
  Streamlit: UP (162ms)
[2026-02-06T19:54:19.727405+00:00] Checked 5 monitors
  Google: UP (325ms)
  Supabase: UP (113ms)
  ChurnPilot Production: UP (1237ms)
  ChurnPilot Experiment: UP (1139ms)
  Streamlit: UP (212ms)
[2026-02-06T19:59:24.828490+00:00] Checked 5 monitors
  Google: UP (237ms)
  Supabase: UP (130ms)
  ChurnPilot Production: UP (1389ms)
  ChurnPilot Experiment: UP (1097ms)
  Streamlit: UP (163ms)
[2026-02-06T20:04:30.667860+00:00] Checked 5 monitors
  Google: UP (267ms)
  Supabase: UP (134ms)
  ChurnPilot Production: UP (1281ms)
  ChurnPilot Experiment: UP (1225ms)
  Streamlit: UP (208ms)
[2026-02-06T20:09:36.425791+00:00] Checked 5 monitors
  ChurnPilot Experiment: UP (1206ms)
  Streamlit: UP (174ms)
  Google: UP (269ms)
  Supabase: UP (110ms)
  ChurnPilot Production: UP (1190ms)
[2026-02-06T20:14:41.722472+00:00] Checked 5 monitors
  ChurnPilot Experiment: UP (1226ms)
  Streamlit: UP (241ms)
  Google: UP (205ms)
  Supabase: UP (128ms)
  ChurnPilot Production: UP (1154ms)
[2026-02-06T20:19:47.039532+00:00] Checked 5 monitors
  ChurnPilot Experiment: UP (1326ms)
  Streamlit: UP (158ms)
  Google: UP (215ms)
  Supabase: UP (129ms)
  ChurnPilot Production: UP (1191ms)
[2026-02-06T20:24:52.687784+00:00] Checked 5 monitors
  ChurnPilot Experiment: UP (1622ms)
  Streamlit: UP (233ms)
  Google: UP (213ms)
  Supabase: UP (133ms)
  ChurnPilot Production: UP (1029ms)
[2026-02-06T20:29:57.972937+00:00] Checked 5 monitors
  ChurnPilot Experiment: UP (1316ms)
  Streamlit: UP (276ms)
  Google: UP (216ms)
  Supabase: UP (113ms)
  ChurnPilot Production: UP (1270ms)
[2026-02-06T20:35:04.480176+00:00] Checked 5 monitors
  ChurnPilot Experiment: UP (1520ms)
  Streamlit: UP (235ms)
  Google: UP (223ms)
  Supabase: UP (128ms)
  ChurnPilot Production: UP (1110ms)
[2026-02-06T20:40:14.279579+00:00] Checked 5 monitors
  ChurnPilot Experiment: UP (5782ms)
  Streamlit: UP (171ms)
  Google: UP (216ms)
  Supabase: UP (116ms)
  ChurnPilot Production: UP (1305ms)
[2026-02-06T20:45:20.120807+00:00] Checked 5 monitors
  ChurnPilot Experiment: UP (1229ms)
  Streamlit: UP (233ms)
  Google: UP (218ms)
  Supabase: UP (128ms)
  ChurnPilot Production: UP (1061ms)
[2026-02-06T20:50:25.124730+00:00] Checked 5 monitors
  Supabase: UP (139ms)
  ChurnPilot Production: UP (1324ms)
  ChurnPilot Experiment: UP (1132ms)
  Streamlit: UP (175ms)
  Google: UP (213ms)
[2026-02-06T20:55:30.780447+00:00] Checked 5 monitors
  Supabase: UP (179ms)
  ChurnPilot Production: UP (1288ms)
  ChurnPilot Experiment: UP (1309ms)
  Streamlit: UP (216ms)
  Google: UP (221ms)
[2026-02-06T21:00:35.637026+00:00] Checked 5 monitors
  Supabase: UP (133ms)
  ChurnPilot Production: UP (1187ms)
  ChurnPilot Experiment: UP (1141ms)
  Streamlit: UP (167ms)
  Google: UP (224ms)
[2026-02-06T21:05:41.688345+00:00] Checked 5 monitors
  Supabase: UP (186ms)
  ChurnPilot Production: UP (1175ms)
  ChurnPilot Experiment: UP (1337ms)
  Streamlit: UP (213ms)
  Google: UP (216ms)
[2026-02-06T21:10:47.195516+00:00] Checked 5 monitors
  Supabase: UP (172ms)
  ChurnPilot Production: UP (1330ms)
  ChurnPilot Experiment: UP (1107ms)
  Streamlit: UP (167ms)
  Google: UP (217ms)
[2026-02-06T21:15:52.550522+00:00] Checked 5 monitors
  Supabase: UP (132ms)
  ChurnPilot Production: UP (1462ms)
  ChurnPilot Experiment: UP (1286ms)
  Streamlit: UP (222ms)
  Google: UP (324ms)
[2026-02-06T21:20:58.663847+00:00] Checked 5 monitors
  Supabase: UP (148ms)
  ChurnPilot Production: UP (1288ms)
  ChurnPilot Experiment: UP (1156ms)
  Streamlit: UP (185ms)
  Google: UP (222ms)
[2026-02-06T21:26:03.183314+00:00] Checked 4 monitors
  ChurnPilot Production: UP (1122ms)
  ChurnPilot Experiment: UP (1337ms)
  Streamlit: UP (228ms)
  Google: UP (214ms)
[2026-02-06T21:31:07.807213+00:00] Checked 4 monitors
  ChurnPilot Experiment: UP (1315ms)
  Streamlit: UP (160ms)
  Google: UP (246ms)
  ChurnPilot Production: UP (1081ms)
[2026-02-06T21:36:12.958664+00:00] Checked 5 monitors
  Supabase: UP (148ms)
  ChurnPilot Experiment: UP (1341ms)
  Streamlit: UP (202ms)
  Google: UP (219ms)
  ChurnPilot Production: UP (1222ms)
[2026-02-06T21:41:18.304168+00:00] Checked 5 monitors
  Supabase: UP (130ms)
  ChurnPilot Experiment: UP (1399ms)
  Streamlit: UP (261ms)
  Google: UP (267ms)
  ChurnPilot Production: UP (1199ms)
[2026-02-06T21:46:23.195596+00:00] Checked 5 monitors
  Supabase: UP (152ms)
  ChurnPilot Experiment: UP (1126ms)
  Streamlit: UP (218ms)
  Google: UP (230ms)
  ChurnPilot Production: UP (1139ms)
[2026-02-06T21:51:28.260083+00:00] Checked 5 monitors
  Supabase: UP (142ms)
  ChurnPilot Experiment: UP (1237ms)
  Streamlit: UP (175ms)
  Google: UP (222ms)
  ChurnPilot Production: UP (1203ms)
[2026-02-06T21:56:33.234843+00:00] Checked 5 monitors
  Supabase: UP (177ms)
  ChurnPilot Experiment: UP (1111ms)
  Streamlit: UP (220ms)
  Google: UP (223ms)
  ChurnPilot Production: UP (1066ms)
[2026-02-06T22:01:38.277916+00:00] Checked 5 monitors
  Supabase: UP (149ms)
  ChurnPilot Experiment: UP (1278ms)
  Streamlit: UP (216ms)
  Google: UP (222ms)
  ChurnPilot Production: UP (1047ms)
[2026-02-06T22:06:43.396278+00:00] Checked 5 monitors
  Supabase: UP (159ms)
  ChurnPilot Experiment: UP (1207ms)
  Streamlit: UP (221ms)
  Google: UP (223ms)
  ChurnPilot Production: UP (1189ms)
[2026-02-06T22:11:48.882471+00:00] Checked 5 monitors
  Streamlit: UP (204ms)
  Google: UP (306ms)
  ChurnPilot Production: UP (1396ms)
  Supabase: UP (138ms)
  ChurnPilot Experiment: UP (1163ms)
[2026-02-06T22:16:53.803367+00:00] Checked 5 monitors
  Streamlit: UP (226ms)
  Google: UP (215ms)
  ChurnPilot Production: UP (1108ms)
  Supabase: UP (117ms)
  ChurnPilot Experiment: UP (1293ms)
[2026-02-06T22:21:59.505622+00:00] Checked 5 monitors
  Streamlit: UP (227ms)
  Google: UP (218ms)
  ChurnPilot Production: UP (1511ms)
  Supabase: UP (154ms)
  ChurnPilot Experiment: UP (1117ms)
[2026-02-06T22:27:04.547578+00:00] Checked 5 monitors
  Streamlit: UP (240ms)
  Google: UP (176ms)
  ChurnPilot Production: UP (1062ms)
  Supabase: UP (135ms)
  ChurnPilot Experiment: UP (1281ms)
[2026-02-06T22:32:09.549432+00:00] Checked 5 monitors
  Streamlit: UP (187ms)
  Google: UP (223ms)
  ChurnPilot Production: UP (1258ms)
  Supabase: UP (106ms)
  ChurnPilot Experiment: UP (1060ms)
[2026-02-06T22:37:14.990324+00:00] Checked 5 monitors
  Streamlit: UP (265ms)
  Google: UP (224ms)
  ChurnPilot Production: UP (1225ms)
  Supabase: UP (128ms)
  ChurnPilot Experiment: UP (1477ms)
[2026-02-06T22:42:20.043337+00:00] Checked 5 monitors
  Streamlit: UP (215ms)
  Google: UP (211ms)
  ChurnPilot Production: UP (1197ms)
  Supabase: UP (120ms)
  ChurnPilot Experiment: UP (1163ms)
[2026-02-06T22:47:25.105623+00:00] Checked 5 monitors
  Streamlit: UP (213ms)
  Google: UP (265ms)
  ChurnPilot Production: UP (1189ms)
  Supabase: UP (137ms)
  ChurnPilot Experiment: UP (1193ms)
[2026-02-06T22:52:30.698255+00:00] Checked 5 monitors
  Supabase: UP (168ms)
  ChurnPilot Experiment: UP (1351ms)
  Streamlit: UP (218ms)
  Google: UP (251ms)
  ChurnPilot Production: UP (1174ms)
[2026-02-06T22:57:35.894757+00:00] Checked 5 monitors
  Supabase: UP (123ms)
  ChurnPilot Experiment: UP (1450ms)
  Streamlit: UP (162ms)
  Google: UP (228ms)
  ChurnPilot Production: UP (1126ms)
[2026-02-06T23:02:40.907764+00:00] Checked 5 monitors
  Supabase: UP (145ms)
  ChurnPilot Experiment: UP (1333ms)
  Streamlit: UP (220ms)
  Google: UP (232ms)
  ChurnPilot Production: UP (1130ms)
[2026-02-06T23:07:46.332685+00:00] Checked 5 monitors
  Supabase: UP (136ms)
  ChurnPilot Experiment: UP (1351ms)
  Streamlit: UP (162ms)
  Google: UP (225ms)
  ChurnPilot Production: UP (1237ms)
[2026-02-06T23:12:51.663276+00:00] Checked 5 monitors
  Supabase: UP (154ms)
  ChurnPilot Experiment: UP (1338ms)
  Streamlit: UP (239ms)
  Google: UP (222ms)
  ChurnPilot Production: UP (1223ms)
[2026-02-06T23:17:57.513442+00:00] Checked 5 monitors
  Supabase: UP (156ms)
  ChurnPilot Experiment: UP (1456ms)
  Streamlit: UP (169ms)
  Google: UP (216ms)
  ChurnPilot Production: UP (1047ms)
[2026-02-06T23:23:03.189658+00:00] Checked 5 monitors
  Supabase: UP (143ms)
  ChurnPilot Experiment: UP (1235ms)
  Streamlit: UP (239ms)
  Google: UP (227ms)
  ChurnPilot Production: UP (1320ms)
[2026-02-06T23:28:08.371509+00:00] Checked 5 monitors
  Supabase: UP (197ms)
  ChurnPilot Experiment: UP (1097ms)
  Streamlit: UP (179ms)
  Google: UP (253ms)
  ChurnPilot Production: UP (1221ms)
[2026-02-06T23:33:13.772724+00:00] Checked 5 monitors
  Google: UP (238ms)
  ChurnPilot Production: UP (1445ms)
  Supabase: UP (105ms)
  ChurnPilot Experiment: UP (1137ms)
  Streamlit: UP (182ms)
[2026-02-06T23:38:19.240596+00:00] Checked 5 monitors
  Google: UP (258ms)
  ChurnPilot Production: UP (1102ms)
  Supabase: UP (127ms)
  ChurnPilot Experiment: UP (1459ms)
  Streamlit: UP (232ms)
[2026-02-06T23:43:25.373443+00:00] Checked 5 monitors
  Google: UP (325ms)
  ChurnPilot Production: UP (1418ms)
  Supabase: UP (127ms)
  ChurnPilot Experiment: UP (1118ms)
  Streamlit: UP (322ms)
[2026-02-06T23:48:30.441741+00:00] Checked 5 monitors
  Google: UP (274ms)
  ChurnPilot Production: UP (1150ms)
  Supabase: UP (109ms)
  ChurnPilot Experiment: UP (1214ms)
  Streamlit: UP (247ms)
[2026-02-06T23:53:36.207243+00:00] Checked 5 monitors
  Google: UP (240ms)
  ChurnPilot Production: UP (1513ms)
  Supabase: UP (120ms)
  ChurnPilot Experiment: UP (1128ms)
  Streamlit: UP (165ms)
[2026-02-06T23:58:41.009688+00:00] Checked 5 monitors
  Google: UP (256ms)
  ChurnPilot Production: UP (1044ms)
  Supabase: UP (125ms)
  ChurnPilot Experiment: UP (1173ms)
  Streamlit: UP (243ms)
[2026-02-07T00:03:46.761418+00:00] Checked 5 monitors
  Google: UP (257ms)
  ChurnPilot Production: UP (1245ms)
  Supabase: UP (357ms)
  ChurnPilot Experiment: UP (1118ms)
  Streamlit: UP (228ms)
[2026-02-07T00:08:52.613869+00:00] Checked 5 monitors
  Google: UP (229ms)
  ChurnPilot Production: UP (1665ms)
  Supabase: UP (127ms)
  ChurnPilot Experiment: UP (1624ms)
  Streamlit: UP (253ms)
[2026-02-07T00:13:57.719981+00:00] Checked 5 monitors
  Streamlit: UP (196ms)
  Google: UP (213ms)
  ChurnPilot Production: UP (1190ms)
  Supabase: UP (138ms)
  ChurnPilot Experiment: UP (1168ms)
[2026-02-07T00:19:03.039359+00:00] Checked 5 monitors
  Streamlit: UP (207ms)
  Google: UP (242ms)
  ChurnPilot Production: UP (1252ms)
  Supabase: UP (151ms)
  ChurnPilot Experiment: UP (1224ms)
[2026-02-07T00:24:08.547989+00:00] Checked 5 monitors
  Streamlit: UP (247ms)
  Google: UP (220ms)
  ChurnPilot Production: UP (1358ms)
  Supabase: UP (117ms)
  ChurnPilot Experiment: UP (1259ms)
[2026-02-07T00:29:13.508185+00:00] Checked 5 monitors
  Streamlit: UP (217ms)
  Google: UP (217ms)
  ChurnPilot Production: UP (1267ms)
  Supabase: UP (124ms)
  ChurnPilot Experiment: UP (1215ms)
[2026-02-07T00:34:19.253036+00:00] Checked 5 monitors
  Streamlit: UP (190ms)
  Google: UP (226ms)
  ChurnPilot Production: UP (1190ms)
  Supabase: UP (118ms)
  ChurnPilot Experiment: UP (1112ms)
[2026-02-07T00:39:24.461700+00:00] Checked 5 monitors
  Streamlit: UP (259ms)
  Google: UP (235ms)
  ChurnPilot Production: UP (1293ms)
  Supabase: UP (131ms)
  ChurnPilot Experiment: UP (1242ms)
[2026-02-07T00:44:29.778722+00:00] Checked 5 monitors
  Streamlit: UP (270ms)
  Google: UP (215ms)
  ChurnPilot Production: UP (1393ms)
  Supabase: UP (125ms)
  ChurnPilot Experiment: UP (1103ms)
[2026-02-07T00:49:34.618408+00:00] Checked 5 monitors
  Streamlit: UP (254ms)
  Google: UP (216ms)
  ChurnPilot Production: UP (1186ms)
  Supabase: UP (135ms)
  ChurnPilot Experiment: UP (1168ms)
[2026-02-07T00:54:40.195780+00:00] Checked 5 monitors
  Streamlit: UP (202ms)
  Google: UP (216ms)
  ChurnPilot Production: UP (1283ms)
  Supabase: UP (126ms)
  ChurnPilot Experiment: UP (1033ms)
[2026-02-07T00:59:45.531145+00:00] Checked 5 monitors
  Streamlit: UP (250ms)
  Google: UP (221ms)
  ChurnPilot Production: UP (1333ms)
  Supabase: UP (111ms)
  ChurnPilot Experiment: UP (1140ms)
[2026-02-07T01:04:51.224444+00:00] Checked 5 monitors
  Streamlit: UP (229ms)
  Google: UP (276ms)
  ChurnPilot Production: UP (1276ms)
  Supabase: UP (500ms)
  ChurnPilot Experiment: UP (980ms)
[2026-02-07T01:09:56.615624+00:00] Checked 5 monitors
  Streamlit: UP (233ms)
  Google: UP (198ms)
  ChurnPilot Production: UP (1476ms)
  Supabase: UP (135ms)
  ChurnPilot Experiment: UP (1230ms)
[2026-02-07T01:15:02.426495+00:00] Checked 5 monitors
  Streamlit: UP (187ms)
  Google: UP (258ms)
  ChurnPilot Production: UP (1277ms)
  Supabase: UP (117ms)
  ChurnPilot Experiment: UP (1005ms)
[2026-02-07T01:20:07.505017+00:00] Checked 5 monitors
  Streamlit: UP (241ms)
  Google: UP (216ms)
  ChurnPilot Production: UP (1243ms)
  Supabase: UP (120ms)
  ChurnPilot Experiment: UP (1326ms)
[2026-02-07T01:25:12.558513+00:00] Checked 5 monitors
  Streamlit: UP (241ms)
  Google: UP (221ms)
  ChurnPilot Production: UP (1115ms)
  Supabase: UP (162ms)
  ChurnPilot Experiment: UP (978ms)
[2026-02-07T01:30:18.223091+00:00] Checked 5 monitors
  Streamlit: UP (240ms)
  Google: UP (217ms)
  ChurnPilot Production: UP (1206ms)
  Supabase: UP (107ms)
  ChurnPilot Experiment: UP (1349ms)
[2026-02-07T01:35:23.143255+00:00] Checked 5 monitors
  Streamlit: UP (187ms)
  Google: UP (224ms)
  ChurnPilot Production: UP (1336ms)
  Supabase: UP (130ms)
  ChurnPilot Experiment: UP (970ms)
[2026-02-07T01:40:29.073827+00:00] Checked 5 monitors
  Streamlit: UP (216ms)
  Google: UP (220ms)
  ChurnPilot Production: UP (1320ms)
  Supabase: UP (215ms)
  ChurnPilot Experiment: UP (1295ms)
[2026-02-07T01:45:34.428225+00:00] Checked 5 monitors
  Streamlit: UP (215ms)
  Google: UP (258ms)
  ChurnPilot Production: UP (1168ms)
  Supabase: UP (213ms)
  ChurnPilot Experiment: UP (1019ms)
[2026-02-07T01:50:39.778327+00:00] Checked 5 monitors
  Streamlit: UP (258ms)
  Google: UP (217ms)
  ChurnPilot Production: UP (1418ms)
  Supabase: UP (101ms)
  ChurnPilot Experiment: UP (1421ms)
[2026-02-07T01:55:45.719061+00:00] Checked 5 monitors
  Streamlit: UP (185ms)
  Google: UP (370ms)
  ChurnPilot Production: UP (1292ms)
  Supabase: UP (136ms)
  ChurnPilot Experiment: UP (1038ms)
[2026-02-07T02:00:51.156963+00:00] Checked 5 monitors
  Streamlit: UP (213ms)
  Google: UP (219ms)
  ChurnPilot Production: UP (1109ms)
  Supabase: UP (118ms)
  ChurnPilot Experiment: UP (1242ms)
[2026-02-07T02:05:56.254792+00:00] Checked 5 monitors
  Streamlit: UP (229ms)
  Google: UP (213ms)
  ChurnPilot Production: UP (1146ms)
  Supabase: UP (183ms)
  ChurnPilot Experiment: UP (1064ms)
[2026-02-07T02:10:59.277626+00:00] Checked 2 monitors
  Google: UP (226ms)
  ChurnPilot Production: UP (1276ms)
[2026-02-07T02:16:02.589612+00:00] Checked 2 monitors
  ChurnPilot Experiment: UP (1521ms)
  Google: UP (208ms)
[2026-02-07T02:21:08.305939+00:00] Checked 5 monitors
  ChurnPilot Production: UP (1349ms)
  Supabase: UP (154ms)
  Streamlit: UP (208ms)
  Google: UP (218ms)
  ChurnPilot Experiment: UP (1134ms)
[2026-02-07T02:26:13.191108+00:00] Checked 5 monitors
  ChurnPilot Production: UP (1171ms)
  Supabase: UP (100ms)
  Streamlit: UP (256ms)
  Google: UP (219ms)
  ChurnPilot Experiment: UP (1249ms)
[2026-02-07T02:31:18.042935+00:00] Checked 5 monitors
  ChurnPilot Production: UP (1112ms)
  Supabase: UP (140ms)
  Streamlit: UP (218ms)
  Google: UP (233ms)
  ChurnPilot Experiment: UP (1124ms)
[2026-02-07T02:36:24.101985+00:00] Checked 5 monitors
  ChurnPilot Production: UP (1317ms)
  Supabase: UP (98ms)
  Streamlit: UP (163ms)
  Google: UP (222ms)
  ChurnPilot Experiment: UP (1076ms)
[2026-02-07T02:41:29.081757+00:00] Checked 5 monitors
  ChurnPilot Production: UP (1213ms)
  Supabase: UP (152ms)
  Streamlit: UP (175ms)
  Google: UP (252ms)
  ChurnPilot Experiment: UP (1043ms)
[2026-02-07T02:46:34.668662+00:00] Checked 5 monitors
  ChurnPilot Production: UP (1318ms)
  Supabase: UP (126ms)
  Streamlit: UP (221ms)
  Google: UP (223ms)
  ChurnPilot Experiment: UP (1127ms)
[2026-02-07T02:51:39.713803+00:00] Checked 5 monitors
  ChurnPilot Production: UP (1317ms)
  Supabase: UP (123ms)
  Streamlit: UP (224ms)
  Google: UP (227ms)
  ChurnPilot Experiment: UP (1109ms)
[2026-02-07T02:56:45.200316+00:00] Checked 5 monitors
  Google: UP (244ms)
  ChurnPilot Experiment: UP (1430ms)
  ChurnPilot Production: UP (1287ms)
  Supabase: UP (107ms)
  Streamlit: UP (172ms)
[2026-02-07T03:01:51.578580+00:00] Checked 5 monitors
  Google: UP (266ms)
  ChurnPilot Experiment: UP (1208ms)
  ChurnPilot Production: UP (1176ms)
  Supabase: UP (132ms)
  Streamlit: UP (242ms)
[2026-02-07T03:06:57.096221+00:00] Checked 5 monitors
  Google: UP (208ms)
  ChurnPilot Experiment: UP (1573ms)
  ChurnPilot Production: UP (1314ms)
  Supabase: UP (148ms)
  Streamlit: UP (209ms)
[2026-02-07T03:12:02.128530+00:00] Checked 5 monitors
  Google: UP (242ms)
  ChurnPilot Experiment: UP (1172ms)
  ChurnPilot Production: UP (1053ms)
  Supabase: UP (137ms)
  Streamlit: UP (232ms)
[2026-02-07T03:17:06.948015+00:00] Checked 5 monitors
  Google: UP (244ms)
  ChurnPilot Experiment: UP (1273ms)
  ChurnPilot Production: UP (1015ms)
  Supabase: UP (116ms)
  Streamlit: UP (163ms)
[2026-02-07T03:22:12.954376+00:00] Checked 5 monitors
  Google: UP (260ms)
  ChurnPilot Experiment: UP (1161ms)
  ChurnPilot Production: UP (1182ms)
  Supabase: UP (135ms)
  Streamlit: UP (249ms)
[2026-02-07T03:27:18.025352+00:00] Checked 5 monitors
  Google: UP (264ms)
  ChurnPilot Experiment: UP (1473ms)
  ChurnPilot Production: UP (1095ms)
  Supabase: UP (124ms)
  Streamlit: UP (217ms)
[2026-02-07T03:32:22.785330+00:00] Checked 5 monitors
  Google: UP (249ms)
  ChurnPilot Experiment: UP (1260ms)
  ChurnPilot Production: UP (1037ms)
  Supabase: UP (117ms)
  Streamlit: UP (217ms)
[2026-02-07T03:37:28.042885+00:00] Checked 5 monitors
  Supabase: UP (151ms)
  Streamlit: UP (176ms)
  Google: UP (219ms)
  ChurnPilot Experiment: UP (1477ms)
  ChurnPilot Production: UP (1124ms)
[2026-02-07T03:42:36.778780+00:00] Checked 5 monitors
  Supabase: UP (138ms)
  Streamlit: UP (217ms)
  Google: UP (223ms)
  ChurnPilot Experiment: UP (1183ms)
  ChurnPilot Production: UP (1123ms)
[2026-02-07T03:47:42.565801+00:00] Checked 5 monitors
  Supabase: UP (147ms)
  Streamlit: UP (208ms)
  Google: UP (216ms)
  ChurnPilot Experiment: UP (1625ms)
  ChurnPilot Production: UP (1042ms)
[2026-02-07T03:52:48.105978+00:00] Checked 5 monitors
  Supabase: UP (130ms)
  Streamlit: UP (233ms)
  Google: UP (211ms)
  ChurnPilot Experiment: UP (1244ms)
  ChurnPilot Production: UP (1240ms)
[2026-02-07T03:57:53.125176+00:00] Checked 5 monitors
  Supabase: UP (157ms)
  Streamlit: UP (171ms)
  Google: UP (214ms)
  ChurnPilot Experiment: UP (1299ms)
  ChurnPilot Production: UP (1042ms)
[2026-02-07T04:02:57.769474+00:00] Checked 5 monitors
  Supabase: UP (146ms)
  Streamlit: UP (201ms)
  Google: UP (192ms)
  ChurnPilot Experiment: UP (1161ms)
  ChurnPilot Production: UP (1081ms)
[2026-02-07T04:08:02.961964+00:00] Checked 5 monitors
  Supabase: UP (147ms)
  Streamlit: UP (231ms)
  Google: UP (210ms)
  ChurnPilot Experiment: UP (1213ms)
  ChurnPilot Production: UP (1216ms)
[2026-02-07T04:13:08.805580+00:00] Checked 5 monitors
  Supabase: UP (167ms)
  Streamlit: UP (255ms)
  Google: UP (199ms)
  ChurnPilot Experiment: UP (1265ms)
  ChurnPilot Production: UP (1039ms)
[2026-02-07T04:18:14.094125+00:00] Checked 5 monitors
  ChurnPilot Production: UP (1312ms)
  Supabase: UP (102ms)
  Streamlit: UP (164ms)
  Google: UP (223ms)
  ChurnPilot Experiment: UP (1282ms)
[2026-02-07T04:23:19.890497+00:00] Checked 5 monitors
  ChurnPilot Production: UP (1726ms)
  Supabase: UP (128ms)
  Streamlit: UP (226ms)
  Google: UP (215ms)
  ChurnPilot Experiment: UP (1028ms)
[2026-02-07T04:28:25.131126+00:00] Checked 5 monitors
  ChurnPilot Production: UP (1213ms)
  Supabase: UP (140ms)
  Streamlit: UP (275ms)
  Google: UP (224ms)
  ChurnPilot Experiment: UP (1361ms)
[2026-02-07T04:33:31.054441+00:00] Checked 5 monitors
  ChurnPilot Production: UP (1239ms)
  Supabase: UP (121ms)
  Streamlit: UP (223ms)
  Google: UP (220ms)
  ChurnPilot Experiment: UP (1147ms)
[2026-02-07T04:38:36.110494+00:00] Checked 5 monitors
  ChurnPilot Production: UP (1419ms)
  Supabase: UP (109ms)
  Streamlit: UP (160ms)
  Google: UP (228ms)
  ChurnPilot Experiment: UP (1234ms)
[2026-02-07T04:43:41.273930+00:00] Checked 5 monitors
  ChurnPilot Production: UP (1268ms)
  Supabase: UP (118ms)
  Streamlit: UP (230ms)
  Google: UP (227ms)
  ChurnPilot Experiment: UP (1015ms)
[2026-02-07T04:48:46.362343+00:00] Checked 5 monitors
  ChurnPilot Production: UP (1108ms)
  Supabase: UP (171ms)
  Streamlit: UP (217ms)
  Google: UP (235ms)
  ChurnPilot Experiment: UP (1169ms)
[2026-02-07T04:53:51.955378+00:00] Checked 5 monitors
  ChurnPilot Production: UP (1489ms)
  Supabase: UP (183ms)
  Streamlit: UP (201ms)
  Google: UP (233ms)
  ChurnPilot Experiment: UP (976ms)
[2026-02-07T04:58:56.720989+00:00] Checked 5 monitors
  ChurnPilot Production: UP (1262ms)
  Supabase: UP (131ms)
  Streamlit: UP (175ms)
  Google: UP (217ms)
  ChurnPilot Experiment: UP (1077ms)
[2026-02-07T05:04:02.359656+00:00] Checked 5 monitors
  ChurnPilot Production: UP (1182ms)
  Supabase: UP (145ms)
  Streamlit: UP (237ms)
  Google: UP (198ms)
  ChurnPilot Experiment: UP (973ms)
[2026-02-07T05:09:07.756077+00:00] Checked 5 monitors
  ChurnPilot Production: UP (1442ms)
  Supabase: UP (146ms)
  Streamlit: UP (236ms)
  Google: UP (244ms)
  ChurnPilot Experiment: UP (1297ms)
[2026-02-07T05:14:12.873233+00:00] Checked 5 monitors
  ChurnPilot Production: UP (1202ms)
  Supabase: UP (120ms)
  Streamlit: UP (234ms)
  Google: UP (217ms)
  ChurnPilot Experiment: UP (1019ms)
[2026-02-07T05:19:18.164951+00:00] Checked 5 monitors
  ChurnPilot Production: UP (1482ms)
  Supabase: UP (114ms)
  Streamlit: UP (162ms)
  Google: UP (334ms)
  ChurnPilot Experiment: UP (1212ms)
[2026-02-07T05:24:23.550245+00:00] Checked 5 monitors
  ChurnPilot Production: UP (1181ms)
  Supabase: UP (134ms)
  Streamlit: UP (219ms)
  Google: UP (213ms)
  ChurnPilot Experiment: UP (969ms)
[2026-02-07T05:29:29.026374+00:00] Checked 5 monitors
  ChurnPilot Production: UP (1357ms)
  Supabase: UP (121ms)
  Streamlit: UP (232ms)
  Google: UP (225ms)
  ChurnPilot Experiment: UP (1243ms)
[2026-02-07T05:34:33.823757+00:00] Checked 5 monitors
  ChurnPilot Production: UP (1184ms)
  Supabase: UP (119ms)
  Streamlit: UP (213ms)
  Google: UP (240ms)
  ChurnPilot Experiment: UP (995ms)
[2026-02-07T05:39:38.784018+00:00] Checked 5 monitors
  ChurnPilot Production: UP (1248ms)
  Supabase: UP (228ms)
  Streamlit: UP (165ms)
  Google: UP (233ms)
  ChurnPilot Experiment: UP (1124ms)
[2026-02-07T05:44:44.576740+00:00] Checked 5 monitors
  ChurnPilot Production: UP (1175ms)
  Supabase: UP (136ms)
  Streamlit: UP (216ms)
  Google: UP (222ms)
  ChurnPilot Experiment: UP (976ms)
[2026-02-07T05:49:49.883694+00:00] Checked 5 monitors
  ChurnPilot Production: UP (1520ms)
  Supabase: UP (144ms)
  Streamlit: UP (200ms)
  Google: UP (232ms)
  ChurnPilot Experiment: UP (1210ms)
[2026-02-07T05:54:54.992658+00:00] Checked 5 monitors
  ChurnPilot Production: UP (1301ms)
  Supabase: UP (104ms)
  Streamlit: UP (213ms)
  Google: UP (220ms)
  ChurnPilot Experiment: UP (1094ms)
[2026-02-07T06:00:00.294712+00:00] Checked 5 monitors
  ChurnPilot Production: UP (1287ms)
  Supabase: UP (137ms)
  Streamlit: UP (166ms)
  Google: UP (233ms)
  ChurnPilot Experiment: UP (1308ms)
[2026-02-07T06:05:05.088980+00:00] Checked 5 monitors
  ChurnPilot Production: UP (1115ms)
  Supabase: UP (133ms)
  Streamlit: UP (221ms)
  Google: UP (217ms)
  ChurnPilot Experiment: UP (968ms)
[2026-02-07T06:10:10.209798+00:00] Checked 5 monitors
  ChurnPilot Production: UP (1383ms)
  Supabase: UP (108ms)
  Streamlit: UP (225ms)
  Google: UP (212ms)
  ChurnPilot Experiment: UP (1306ms)
[2026-02-07T06:15:16.596838+00:00] Checked 5 monitors
  ChurnPilot Production: UP (1209ms)
  Supabase: UP (129ms)
  Streamlit: UP (275ms)
  Google: UP (221ms)
  ChurnPilot Experiment: UP (983ms)
[2026-02-07T06:20:21.559563+00:00] Checked 5 monitors
  ChurnPilot Production: UP (1014ms)
  Supabase: UP (285ms)
  Streamlit: UP (165ms)
  Google: UP (225ms)
  ChurnPilot Experiment: UP (1139ms)
[2026-02-07T06:25:26.979073+00:00] Checked 5 monitors
  ChurnPilot Production: UP (1415ms)
  Supabase: UP (127ms)
  Streamlit: UP (193ms)
  Google: UP (215ms)
  ChurnPilot Experiment: UP (1114ms)
